# Logfile created on 2013-10-13 17:12:11 -0300 by logger.rb/v1.2.7
I, [2013-10-13T17:12:11.633148 #54676]  INFO -- : *** Below you'll find the most recent exception thrown, this will likely (but not certainly) be the exception that made your application exit abnormally ***
E, [2013-10-13T17:12:11.633221 #54676] ERROR -- : queue name must not be nil; if you want broker to generate queue name for you, pass an empty string (ArgumentError)
/Users/miguelati/.rvm/gems/rbx-2.0.0@global/gems/amqp-1.0.2/lib/amqp/channel.rb:821:in `queue'
/Users/miguelati/Proyectos/La_coruna/smpp_gateway/lib/channel_factory.rb:22:in `connect_queues'
/Users/miguelati/.rvm/gems/rbx-2.0.0@global/gems/celluloid-0.15.1/lib/celluloid/calls.rb:25:in `dispatch'
/Users/miguelati/.rvm/gems/rbx-2.0.0@global/gems/celluloid-0.15.1/lib/celluloid/calls.rb:67:in `dispatch'
/Users/miguelati/.rvm/gems/rbx-2.0.0@global/gems/celluloid-0.15.1/lib/celluloid/actor.rb:322:in `handle_message'
/Users/miguelati/.rvm/gems/rbx-2.0.0@global/gems/celluloid-0.15.1/lib/celluloid/actor.rb:416:in `task'
/Users/miguelati/.rvm/gems/rbx-2.0.0@global/gems/celluloid-0.15.1/lib/celluloid/tasks.rb:55:in `initialize'
/Users/miguelati/.rvm/gems/rbx-2.0.0@global/gems/celluloid-0.15.1/lib/celluloid/tasks/task_fiber.rb:13:in `create'
kernel/bootstrap/proc.rb:20:in `call'
(celluloid):0:in `remote procedure call'
/Users/miguelati/.rvm/gems/rbx-2.0.0@global/gems/celluloid-0.15.1/lib/celluloid/calls.rb:92:in `value'
/Users/miguelati/.rvm/gems/rbx-2.0.0@global/gems/celluloid-0.15.1/lib/celluloid/proxies/sync_proxy.rb:33:in `connect_queues'
/Users/miguelati/Proyectos/La_coruna/smpp_gateway/libexec/smpp_gateway-daemon.rb:38:in `__script__'
/Users/miguelati/Proyectos/La_coruna/smpp_gateway/libexec/smpp_gateway-daemon.rb:37:in `__script__'
/Users/miguelati/.rvm/gems/rbx-2.0.0@global/gems/amq-client-1.0.2/lib/amq/client/async/adapters/event_machine.rb:132:in `register_connection_callback'
/Users/miguelati/.rvm/gems/rbx-2.0.0@global/gems/eventmachine-1.0.3/lib/em/deferrable.rb:151:in `set_deferred_status'
/Users/miguelati/.rvm/gems/rbx-2.0.0@global/gems/eventmachine-1.0.3/lib/em/deferrable.rb:191:in `succeed'
/Users/miguelati/.rvm/gems/rbx-2.0.0@global/gems/amq-client-1.0.2/lib/amq/client/async/adapters/event_machine.rb:332:in `connection_successful'
/Users/miguelati/.rvm/gems/rbx-2.0.0@global/gems/amq-client-1.0.2/lib/amq/client/async/adapter.rb:643:in `handle_open_ok'
/Users/miguelati/.rvm/gems/rbx-2.0.0@global/gems/amq-client-1.0.2/lib/amq/client/async/adapters/event_machine.rb:385:in `__script__'
/Users/miguelati/.rvm/gems/rbx-2.0.0@global/gems/amq-client-1.0.2/lib/amq/client/async/adapter.rb:562:in `receive_frameset'
/Users/miguelati/.rvm/gems/rbx-2.0.0@global/gems/amq-client-1.0.2/lib/amq/client/async/adapter.rb:536:in `receive_frame'
/Users/miguelati/.rvm/gems/rbx-2.0.0@global/gems/amq-client-1.0.2/lib/amq/client/async/adapters/event_machine.rb:321:in `receive_data'
/Users/miguelati/.rvm/gems/rbx-2.0.0@global/gems/eventmachine-1.0.3/lib/eventmachine.rb:187:in `run'
/Users/miguelati/.rvm/gems/rbx-2.0.0@global/gems/amqp-1.0.2/lib/amqp/connection.rb:38:in `start'
/Users/miguelati/.rvm/gems/rbx-2.0.0@global/gems/daemon-kit-0.2.3/lib/daemon_kit/dk_amqp.rb:36:in `run'
/Users/miguelati/.rvm/gems/rbx-2.0.0@global/gems/daemon-kit-0.2.3/lib/daemon_kit/dk_amqp.rb:21:in `run'
/Users/miguelati/Proyectos/La_coruna/smpp_gateway/libexec/smpp_gateway-daemon.rb:21:in `__script__'
/Users/miguelati/.rvm/gems/rbx-2.0.0@global/gems/daemon-kit-0.2.3/lib/daemon_kit/application.rb:38:in `run'
/Users/miguelati/.rvm/gems/rbx-2.0.0@global/gems/daemon-kit-0.2.3/lib/daemon_kit/application.rb:21:in `exec'
./bin/smpp_gateway:8:in `__script__'
I, [2013-10-13T17:12:11.633372 #54676]  INFO -- : *** Below you'll find all the exception objects in memory, some of them may have been thrown in your application, others may just be in memory because they are standard exceptions ***
E, [2013-10-13T17:12:12.550778 #54676] ERROR -- : queue name must not be nil; if you want broker to generate queue name for you, pass an empty string (ArgumentError)
/Users/miguelati/.rvm/gems/rbx-2.0.0@global/gems/amqp-1.0.2/lib/amqp/channel.rb:821:in `queue'
/Users/miguelati/Proyectos/La_coruna/smpp_gateway/lib/channel_factory.rb:22:in `connect_queues'
/Users/miguelati/.rvm/gems/rbx-2.0.0@global/gems/celluloid-0.15.1/lib/celluloid/calls.rb:25:in `dispatch'
/Users/miguelati/.rvm/gems/rbx-2.0.0@global/gems/celluloid-0.15.1/lib/celluloid/calls.rb:67:in `dispatch'
/Users/miguelati/.rvm/gems/rbx-2.0.0@global/gems/celluloid-0.15.1/lib/celluloid/actor.rb:322:in `handle_message'
/Users/miguelati/.rvm/gems/rbx-2.0.0@global/gems/celluloid-0.15.1/lib/celluloid/actor.rb:416:in `task'
/Users/miguelati/.rvm/gems/rbx-2.0.0@global/gems/celluloid-0.15.1/lib/celluloid/tasks.rb:55:in `initialize'
/Users/miguelati/.rvm/gems/rbx-2.0.0@global/gems/celluloid-0.15.1/lib/celluloid/tasks/task_fiber.rb:13:in `create'
kernel/bootstrap/proc.rb:20:in `call'
(celluloid):0:in `remote procedure call'
/Users/miguelati/.rvm/gems/rbx-2.0.0@global/gems/celluloid-0.15.1/lib/celluloid/calls.rb:92:in `value'
/Users/miguelati/.rvm/gems/rbx-2.0.0@global/gems/celluloid-0.15.1/lib/celluloid/proxies/sync_proxy.rb:33:in `connect_queues'
/Users/miguelati/Proyectos/La_coruna/smpp_gateway/libexec/smpp_gateway-daemon.rb:38:in `__script__'
/Users/miguelati/Proyectos/La_coruna/smpp_gateway/libexec/smpp_gateway-daemon.rb:37:in `__script__'
/Users/miguelati/.rvm/gems/rbx-2.0.0@global/gems/amq-client-1.0.2/lib/amq/client/async/adapters/event_machine.rb:132:in `register_connection_callback'
/Users/miguelati/.rvm/gems/rbx-2.0.0@global/gems/eventmachine-1.0.3/lib/em/deferrable.rb:151:in `set_deferred_status'
/Users/miguelati/.rvm/gems/rbx-2.0.0@global/gems/eventmachine-1.0.3/lib/em/deferrable.rb:191:in `succeed'
/Users/miguelati/.rvm/gems/rbx-2.0.0@global/gems/amq-client-1.0.2/lib/amq/client/async/adapters/event_machine.rb:332:in `connection_successful'
/Users/miguelati/.rvm/gems/rbx-2.0.0@global/gems/amq-client-1.0.2/lib/amq/client/async/adapter.rb:643:in `handle_open_ok'
/Users/miguelati/.rvm/gems/rbx-2.0.0@global/gems/amq-client-1.0.2/lib/amq/client/async/adapters/event_machine.rb:385:in `__script__'
/Users/miguelati/.rvm/gems/rbx-2.0.0@global/gems/amq-client-1.0.2/lib/amq/client/async/adapter.rb:562:in `receive_frameset'
/Users/miguelati/.rvm/gems/rbx-2.0.0@global/gems/amq-client-1.0.2/lib/amq/client/async/adapter.rb:536:in `receive_frame'
/Users/miguelati/.rvm/gems/rbx-2.0.0@global/gems/amq-client-1.0.2/lib/amq/client/async/adapters/event_machine.rb:321:in `receive_data'
/Users/miguelati/.rvm/gems/rbx-2.0.0@global/gems/eventmachine-1.0.3/lib/eventmachine.rb:187:in `run'
/Users/miguelati/.rvm/gems/rbx-2.0.0@global/gems/amqp-1.0.2/lib/amqp/connection.rb:38:in `start'
/Users/miguelati/.rvm/gems/rbx-2.0.0@global/gems/daemon-kit-0.2.3/lib/daemon_kit/dk_amqp.rb:36:in `run'
/Users/miguelati/.rvm/gems/rbx-2.0.0@global/gems/daemon-kit-0.2.3/lib/daemon_kit/dk_amqp.rb:21:in `run'
/Users/miguelati/Proyectos/La_coruna/smpp_gateway/libexec/smpp_gateway-daemon.rb:21:in `__script__'
/Users/miguelati/.rvm/gems/rbx-2.0.0@global/gems/daemon-kit-0.2.3/lib/daemon_kit/application.rb:38:in `run'
/Users/miguelati/.rvm/gems/rbx-2.0.0@global/gems/daemon-kit-0.2.3/lib/daemon_kit/application.rb:21:in `exec'
./bin/smpp_gateway:8:in `__script__'
E, [2013-10-13T17:12:12.629589 #54676] ERROR -- : caused by #<ArgumentError: queue name must not be nil; if you want broker to generate queue name for you, pass an empty string>: queue name must not be nil; if you want broker to generate queue name for you, pass an empty string (Celluloid::AbortError)
/Users/miguelati/.rvm/gems/rbx-2.0.0@global/gems/celluloid-0.15.1/lib/celluloid.rb:329:in `abort'
/Users/miguelati/.rvm/gems/rbx-2.0.0@global/gems/celluloid-0.15.1/lib/celluloid/pool_manager.rb:47:in `_send_'
/Users/miguelati/.rvm/gems/rbx-2.0.0@global/gems/celluloid-0.15.1/lib/celluloid/pool_manager.rb:123:in `connect_queues (method_missing)'
/Users/miguelati/.rvm/gems/rbx-2.0.0@global/gems/celluloid-0.15.1/lib/celluloid/calls.rb:25:in `dispatch'
/Users/miguelati/.rvm/gems/rbx-2.0.0@global/gems/celluloid-0.15.1/lib/celluloid/calls.rb:67:in `dispatch'
/Users/miguelati/.rvm/gems/rbx-2.0.0@global/gems/celluloid-0.15.1/lib/celluloid/actor.rb:322:in `handle_message'
/Users/miguelati/.rvm/gems/rbx-2.0.0@global/gems/celluloid-0.15.1/lib/celluloid/actor.rb:416:in `task'
/Users/miguelati/.rvm/gems/rbx-2.0.0@global/gems/celluloid-0.15.1/lib/celluloid/tasks.rb:55:in `initialize'
/Users/miguelati/.rvm/gems/rbx-2.0.0@global/gems/celluloid-0.15.1/lib/celluloid/tasks/task_fiber.rb:13:in `create'
kernel/bootstrap/proc.rb:20:in `call'
