2014-02-17 15:53:37.63066 smpp_gateway(18421) [INFO] [daemon-kit]: DaemonKit (0.2.3) booting in development mode
2014-02-17 15:53:37.64228 smpp_gateway(18421) [INFO] [daemon-kit]: Setting up trap for USR1
2014-02-17 15:53:37.64492 smpp_gateway(18421) [INFO] [daemon-kit]: Setting up trap for USR2
2014-02-17 15:53:37.64702 smpp_gateway(18421) [INFO] [daemon-kit]: Setting up trap for HUP
2014-02-17 15:53:37.64917 smpp_gateway(18421) [INFO] [daemon-kit]: Setting up trap for INT
2014-02-17 15:53:37.65223 smpp_gateway(18421) [INFO] [daemon-kit]: Setting up trap for TERM
2014-02-17 15:53:37.133760 smpp_gateway(18421) [INFO] [daemon-kit]: DaemonKit (0.2.3) booted, now running smpp_gateway
2014-02-17 15:53:37.362511 smpp_gateway(18432) [INFO] [daemon-kit]: Starting rufus-scheduler
2014-02-17 15:53:37.401584 smpp_gateway(18421) [DEBUG] [daemon-kit]: AMQP.start({:user=>"guest", :pass=>"guest", :host=>"localhost", :vhost=>"/"})
2014-02-17 15:58:45.639736 smpp_gateway(18421) [INFO] [daemon-kit]: Running signal traps for INT
2014-02-17 15:58:45.639581 smpp_gateway(18432) [INFO] [daemon-kit]: Running signal traps for INT
2014-02-17 15:58:45.639794 smpp_gateway(18433) [INFO] [daemon-kit]: Running signal traps for INT
2014-02-17 15:58:45.641047 smpp_gateway(18421) [INFO] [daemon-kit]: Running shutdown hooks
2014-02-17 15:58:45.641676 smpp_gateway(18421) [WARN] [daemon-kit]: Shutting down smpp_gateway
2014-02-17 15:58:54.400817 smpp_gateway(18709) [INFO] [daemon-kit]: DaemonKit (0.2.3) booting in development mode
2014-02-17 15:58:54.402113 smpp_gateway(18709) [INFO] [daemon-kit]: Setting up trap for USR1
2014-02-17 15:58:54.402422 smpp_gateway(18709) [INFO] [daemon-kit]: Setting up trap for USR2
2014-02-17 15:58:54.402679 smpp_gateway(18709) [INFO] [daemon-kit]: Setting up trap for HUP
2014-02-17 15:58:54.402941 smpp_gateway(18709) [INFO] [daemon-kit]: Setting up trap for INT
2014-02-17 15:58:54.403185 smpp_gateway(18709) [INFO] [daemon-kit]: Setting up trap for TERM
2014-02-17 15:58:54.446853 smpp_gateway(18709) [INFO] [daemon-kit]: DaemonKit (0.2.3) booted, now running smpp_gateway
2014-02-17 15:58:54.504230 smpp_gateway(18717) [INFO] [daemon-kit]: Starting rufus-scheduler
2014-02-17 15:58:54.516269 smpp_gateway(18709) [DEBUG] [daemon-kit]: AMQP.start({:user=>"guest", :pass=>"guest", :host=>"localhost", :vhost=>"/"})
2014-02-17 16:10:49.475491 smpp_gateway(18709) [DEBUG] channel_factory.rb:27: Received message type: 2 with 2 SMS
2014-02-17 16:11:20.494451 smpp_gateway(18709) [INFO] [daemon-kit]: Running signal traps for INT
2014-02-17 16:11:20.494473 smpp_gateway(18717) [INFO] [daemon-kit]: Running signal traps for INT
2014-02-17 16:11:20.495643 smpp_gateway(18709) [INFO] [daemon-kit]: Running shutdown hooks
2014-02-17 16:11:20.496359 smpp_gateway(18709) [WARN] [daemon-kit]: Shutting down smpp_gateway
2014-02-17 16:11:29.565956 smpp_gateway(19361) [INFO] [daemon-kit]: DaemonKit (0.2.3) booting in development mode
2014-02-17 16:11:29.567193 smpp_gateway(19361) [INFO] [daemon-kit]: Setting up trap for USR1
2014-02-17 16:11:29.567473 smpp_gateway(19361) [INFO] [daemon-kit]: Setting up trap for USR2
2014-02-17 16:11:29.567698 smpp_gateway(19361) [INFO] [daemon-kit]: Setting up trap for HUP
2014-02-17 16:11:29.567930 smpp_gateway(19361) [INFO] [daemon-kit]: Setting up trap for INT
2014-02-17 16:11:29.568146 smpp_gateway(19361) [INFO] [daemon-kit]: Setting up trap for TERM
2014-02-17 16:11:29.610080 smpp_gateway(19361) [INFO] [daemon-kit]: DaemonKit (0.2.3) booted, now running smpp_gateway
2014-02-17 16:11:29.739397 smpp_gateway(19372) [INFO] [daemon-kit]: Starting rufus-scheduler
2014-02-17 16:11:29.776036 smpp_gateway(19361) [DEBUG] [daemon-kit]: AMQP.start({:user=>"guest", :pass=>"guest", :host=>"localhost", :vhost=>"/"})
2014-02-17 16:11:33.356487 smpp_gateway(19361) [DEBUG] channel_factory.rb:27: Received message type: 2 with 2 SMS
2014-02-17 16:20:33.927123 smpp_gateway(19361) [INFO] [daemon-kit]: Running signal traps for INT
2014-02-17 16:20:33.927118 smpp_gateway(19372) [INFO] [daemon-kit]: Running signal traps for INT
2014-02-17 16:20:33.927149 smpp_gateway(19373) [INFO] [daemon-kit]: Running signal traps for INT
2014-02-17 16:20:33.927993 smpp_gateway(19361) [INFO] [daemon-kit]: Running shutdown hooks
2014-02-17 16:20:33.928426 smpp_gateway(19361) [WARN] [daemon-kit]: Shutting down smpp_gateway
2014-02-17 16:20:42.629425 smpp_gateway(19849) [INFO] [daemon-kit]: DaemonKit (0.2.3) booting in development mode
2014-02-17 16:20:42.630823 smpp_gateway(19849) [INFO] [daemon-kit]: Setting up trap for USR1
2014-02-17 16:20:42.631088 smpp_gateway(19849) [INFO] [daemon-kit]: Setting up trap for USR2
2014-02-17 16:20:42.631338 smpp_gateway(19849) [INFO] [daemon-kit]: Setting up trap for HUP
2014-02-17 16:20:42.631549 smpp_gateway(19849) [INFO] [daemon-kit]: Setting up trap for INT
2014-02-17 16:20:42.631740 smpp_gateway(19849) [INFO] [daemon-kit]: Setting up trap for TERM
2014-02-17 16:20:42.675424 smpp_gateway(19849) [INFO] [daemon-kit]: DaemonKit (0.2.3) booted, now running smpp_gateway
2014-02-17 16:20:42.728352 smpp_gateway(19858) [INFO] [daemon-kit]: Starting rufus-scheduler
2014-02-17 16:20:42.788231 smpp_gateway(19849) [DEBUG] [daemon-kit]: AMQP.start({:user=>"guest", :pass=>"guest", :host=>"localhost", :vhost=>"/"})
2014-02-17 16:20:46.701885 smpp_gateway(19849) [DEBUG] channel_factory.rb:27: Received message type: 2 with 2 SMS
2014-02-17 16:21:29.85667 smpp_gateway(19849) [INFO] [daemon-kit]: Running signal traps for INT
2014-02-17 16:21:29.85667 smpp_gateway(19859) [INFO] [daemon-kit]: Running signal traps for INT
2014-02-17 16:21:29.85708 smpp_gateway(19858) [INFO] [daemon-kit]: Running signal traps for INT
2014-02-17 16:21:29.86427 smpp_gateway(19849) [INFO] [daemon-kit]: Running shutdown hooks
2014-02-17 16:21:29.86787 smpp_gateway(19849) [WARN] [daemon-kit]: Shutting down smpp_gateway
2014-02-17 16:21:37.903099 smpp_gateway(19908) [INFO] [daemon-kit]: DaemonKit (0.2.3) booting in development mode
2014-02-17 16:21:37.904321 smpp_gateway(19908) [INFO] [daemon-kit]: Setting up trap for USR1
2014-02-17 16:21:37.904612 smpp_gateway(19908) [INFO] [daemon-kit]: Setting up trap for USR2
2014-02-17 16:21:37.904847 smpp_gateway(19908) [INFO] [daemon-kit]: Setting up trap for HUP
2014-02-17 16:21:37.905087 smpp_gateway(19908) [INFO] [daemon-kit]: Setting up trap for INT
2014-02-17 16:21:37.905309 smpp_gateway(19908) [INFO] [daemon-kit]: Setting up trap for TERM
2014-02-17 16:21:37.947747 smpp_gateway(19908) [INFO] [daemon-kit]: DaemonKit (0.2.3) booted, now running smpp_gateway
2014-02-17 16:21:38.60234 smpp_gateway(19919) [INFO] [daemon-kit]: Starting rufus-scheduler
2014-02-17 16:21:38.185699 smpp_gateway(19908) [DEBUG] [daemon-kit]: AMQP.start({:user=>"guest", :pass=>"guest", :host=>"localhost", :vhost=>"/"})
2014-02-17 16:21:43.291731 smpp_gateway(19908) [DEBUG] channel_factory.rb:27: Received message type: 2 with 2 SMS
2014-02-17 16:22:11.380197 smpp_gateway(19908) [DEBUG] channel_factory.rb:27: Received message type: 2 with 2 SMS
2014-02-17 16:22:14.694239 smpp_gateway(19908) [INFO] [daemon-kit]: Running signal traps for INT
2014-02-17 16:22:14.694311 smpp_gateway(19920) [INFO] [daemon-kit]: Running signal traps for INT
2014-02-17 16:22:14.695091 smpp_gateway(19908) [INFO] [daemon-kit]: Running shutdown hooks
2014-02-17 16:22:14.695615 smpp_gateway(19908) [WARN] [daemon-kit]: Shutting down smpp_gateway
2014-02-17 16:22:23.479679 smpp_gateway(19968) [INFO] [daemon-kit]: DaemonKit (0.2.3) booting in development mode
2014-02-17 16:22:23.480945 smpp_gateway(19968) [INFO] [daemon-kit]: Setting up trap for USR1
2014-02-17 16:22:23.481229 smpp_gateway(19968) [INFO] [daemon-kit]: Setting up trap for USR2
2014-02-17 16:22:23.481462 smpp_gateway(19968) [INFO] [daemon-kit]: Setting up trap for HUP
2014-02-17 16:22:23.481698 smpp_gateway(19968) [INFO] [daemon-kit]: Setting up trap for INT
2014-02-17 16:22:23.481914 smpp_gateway(19968) [INFO] [daemon-kit]: Setting up trap for TERM
2014-02-17 16:22:23.524203 smpp_gateway(19968) [INFO] [daemon-kit]: DaemonKit (0.2.3) booted, now running smpp_gateway
2014-02-17 16:22:23.597486 smpp_gateway(19977) [INFO] [daemon-kit]: Starting rufus-scheduler
2014-02-17 16:22:23.724676 smpp_gateway(19968) [DEBUG] [daemon-kit]: AMQP.start({:user=>"guest", :pass=>"guest", :host=>"localhost", :vhost=>"/"})
2014-02-17 16:26:56.609357 smpp_gateway(19968) [INFO] [daemon-kit]: Running signal traps for INT
2014-02-17 16:26:56.610497 smpp_gateway(19968) [INFO] [daemon-kit]: Running shutdown hooks
2014-02-17 16:26:56.611071 smpp_gateway(19968) [WARN] [daemon-kit]: Shutting down smpp_gateway
2014-02-17 16:27:07.263353 smpp_gateway(20228) [INFO] [daemon-kit]: DaemonKit (0.2.3) booting in development mode
2014-02-17 16:27:07.264545 smpp_gateway(20228) [INFO] [daemon-kit]: Setting up trap for USR1
2014-02-17 16:27:07.264829 smpp_gateway(20228) [INFO] [daemon-kit]: Setting up trap for USR2
2014-02-17 16:27:07.265063 smpp_gateway(20228) [INFO] [daemon-kit]: Setting up trap for HUP
2014-02-17 16:27:07.265315 smpp_gateway(20228) [INFO] [daemon-kit]: Setting up trap for INT
2014-02-17 16:27:07.265533 smpp_gateway(20228) [INFO] [daemon-kit]: Setting up trap for TERM
2014-02-17 16:27:07.306689 smpp_gateway(20228) [INFO] [daemon-kit]: DaemonKit (0.2.3) booted, now running smpp_gateway
2014-02-17 16:27:07.343594 smpp_gateway(20239) [INFO] [daemon-kit]: Starting rufus-scheduler
2014-02-17 16:27:07.476089 smpp_gateway(20228) [DEBUG] [daemon-kit]: AMQP.start({:user=>"guest", :pass=>"guest", :host=>"localhost", :vhost=>"/"})
2014-02-17 16:27:19.649692 smpp_gateway(20228) [INFO] [daemon-kit]: Running signal traps for INT
2014-02-17 16:27:19.649598 smpp_gateway(20240) [INFO] [daemon-kit]: Running signal traps for INT
2014-02-17 16:27:19.649688 smpp_gateway(20239) [INFO] [daemon-kit]: Running signal traps for INT
2014-02-17 16:27:19.649598 smpp_gateway(20238) [INFO] [daemon-kit]: Running signal traps for INT
2014-02-17 16:27:19.651042 smpp_gateway(20228) [INFO] [daemon-kit]: Running shutdown hooks
2014-02-17 16:27:19.651631 smpp_gateway(20228) [WARN] [daemon-kit]: Shutting down smpp_gateway
2014-02-17 16:27:28.651854 smpp_gateway(20251) [INFO] [daemon-kit]: DaemonKit (0.2.3) booting in development mode
2014-02-17 16:27:28.653122 smpp_gateway(20251) [INFO] [daemon-kit]: Setting up trap for USR1
2014-02-17 16:27:28.653410 smpp_gateway(20251) [INFO] [daemon-kit]: Setting up trap for USR2
2014-02-17 16:27:28.653640 smpp_gateway(20251) [INFO] [daemon-kit]: Setting up trap for HUP
2014-02-17 16:27:28.653874 smpp_gateway(20251) [INFO] [daemon-kit]: Setting up trap for INT
2014-02-17 16:27:28.654092 smpp_gateway(20251) [INFO] [daemon-kit]: Setting up trap for TERM
2014-02-17 16:27:28.705142 smpp_gateway(20251) [INFO] [daemon-kit]: DaemonKit (0.2.3) booted, now running smpp_gateway
2014-02-17 16:27:28.803273 smpp_gateway(20251) [DEBUG] [daemon-kit]: AMQP.start({:user=>"guest", :pass=>"guest", :host=>"localhost", :vhost=>"/"})
2014-02-17 16:27:28.808600 smpp_gateway(20265) [INFO] [daemon-kit]: Starting rufus-scheduler
2014-02-17 16:27:38.162057 smpp_gateway(20251) [DEBUG] channel_factory.rb:27: Received message type: 2 with 2 SMS
2014-02-17 16:29:16.677053 smpp_gateway(20251) [DEBUG] channel_factory.rb:27: Received message type: 2 with 2 SMS
2014-02-17 16:48:38.517865 smpp_gateway(20251) [INFO] [daemon-kit]: Running signal traps for INT
2014-02-17 16:48:38.517945 smpp_gateway(20266) [INFO] [daemon-kit]: Running signal traps for INT
2014-02-17 16:48:38.517888 smpp_gateway(20265) [INFO] [daemon-kit]: Running signal traps for INT
2014-02-17 16:48:38.518561 smpp_gateway(20251) [INFO] [daemon-kit]: Running shutdown hooks
2014-02-17 16:48:38.518950 smpp_gateway(20251) [WARN] [daemon-kit]: Shutting down smpp_gateway
2014-02-17 16:48:47.805903 smpp_gateway(21449) [INFO] [daemon-kit]: DaemonKit (0.2.3) booting in development mode
2014-02-17 16:48:47.807111 smpp_gateway(21449) [INFO] [daemon-kit]: Setting up trap for USR1
2014-02-17 16:48:47.807397 smpp_gateway(21449) [INFO] [daemon-kit]: Setting up trap for USR2
2014-02-17 16:48:47.807632 smpp_gateway(21449) [INFO] [daemon-kit]: Setting up trap for HUP
2014-02-17 16:48:47.807871 smpp_gateway(21449) [INFO] [daemon-kit]: Setting up trap for INT
2014-02-17 16:48:47.808093 smpp_gateway(21449) [INFO] [daemon-kit]: Setting up trap for TERM
2014-02-17 16:48:47.854059 smpp_gateway(21449) [INFO] [daemon-kit]: DaemonKit (0.2.3) booted, now running smpp_gateway
2014-02-17 16:48:47.910245 smpp_gateway(21457) [INFO] [daemon-kit]: Starting rufus-scheduler
2014-02-17 16:48:48.42596 smpp_gateway(21449) [DEBUG] [daemon-kit]: AMQP.start({:user=>"guest", :pass=>"guest", :host=>"localhost", :vhost=>"/"})
2014-02-17 16:56:41.460263 smpp_gateway(21449) [INFO] [daemon-kit]: Running signal traps for INT
2014-02-17 16:56:41.460193 smpp_gateway(21457) [INFO] [daemon-kit]: Running signal traps for INT
2014-02-17 16:56:41.460269 smpp_gateway(21458) [INFO] [daemon-kit]: Running signal traps for INT
2014-02-17 16:56:41.460263 smpp_gateway(21456) [INFO] [daemon-kit]: Running signal traps for INT
2014-02-17 16:56:41.461315 smpp_gateway(21449) [INFO] [daemon-kit]: Running shutdown hooks
2014-02-17 16:56:41.461802 smpp_gateway(21449) [WARN] [daemon-kit]: Shutting down smpp_gateway
2014-02-17 16:56:50.552943 smpp_gateway(21882) [INFO] [daemon-kit]: DaemonKit (0.2.3) booting in development mode
2014-02-17 16:56:50.554219 smpp_gateway(21882) [INFO] [daemon-kit]: Setting up trap for USR1
2014-02-17 16:56:50.554510 smpp_gateway(21882) [INFO] [daemon-kit]: Setting up trap for USR2
2014-02-17 16:56:50.554750 smpp_gateway(21882) [INFO] [daemon-kit]: Setting up trap for HUP
2014-02-17 16:56:50.554998 smpp_gateway(21882) [INFO] [daemon-kit]: Setting up trap for INT
2014-02-17 16:56:50.555228 smpp_gateway(21882) [INFO] [daemon-kit]: Setting up trap for TERM
2014-02-17 16:56:50.597696 smpp_gateway(21882) [INFO] [daemon-kit]: DaemonKit (0.2.3) booted, now running smpp_gateway
2014-02-17 16:56:50.677266 smpp_gateway(21890) [INFO] [daemon-kit]: Starting rufus-scheduler
2014-02-17 16:56:50.681344 smpp_gateway(21882) [DEBUG] [daemon-kit]: AMQP.start({:user=>"guest", :pass=>"guest", :host=>"localhost", :vhost=>"/"})
2014-02-17 16:57:46.351031 smpp_gateway(21882) [INFO] [daemon-kit]: Running signal traps for INT
2014-02-17 16:57:46.351040 smpp_gateway(21890) [INFO] [daemon-kit]: Running signal traps for INT
2014-02-17 16:57:46.351001 smpp_gateway(21891) [INFO] [daemon-kit]: Running signal traps for INT
2014-02-17 16:57:46.352037 smpp_gateway(21882) [INFO] [daemon-kit]: Running shutdown hooks
2014-02-17 16:57:46.352464 smpp_gateway(21882) [WARN] [daemon-kit]: Shutting down smpp_gateway
2014-02-17 16:57:55.258412 smpp_gateway(21958) [INFO] [daemon-kit]: DaemonKit (0.2.3) booting in development mode
2014-02-17 16:57:55.259662 smpp_gateway(21958) [INFO] [daemon-kit]: Setting up trap for USR1
2014-02-17 16:57:55.259919 smpp_gateway(21958) [INFO] [daemon-kit]: Setting up trap for USR2
2014-02-17 16:57:55.260117 smpp_gateway(21958) [INFO] [daemon-kit]: Setting up trap for HUP
2014-02-17 16:57:55.260321 smpp_gateway(21958) [INFO] [daemon-kit]: Setting up trap for INT
2014-02-17 16:57:55.260507 smpp_gateway(21958) [INFO] [daemon-kit]: Setting up trap for TERM
2014-02-17 16:57:55.300884 smpp_gateway(21958) [INFO] [daemon-kit]: DaemonKit (0.2.3) booted, now running smpp_gateway
2014-02-17 16:57:55.372825 smpp_gateway(21967) [INFO] [daemon-kit]: Starting rufus-scheduler
2014-02-17 16:57:55.436213 smpp_gateway(21958) [DEBUG] [daemon-kit]: AMQP.start({:user=>"guest", :pass=>"guest", :host=>"localhost", :vhost=>"/"})
2014-02-17 16:58:19.762817 smpp_gateway(21958) [DEBUG] channel_factory.rb:27: Received message type: 2 with 2 SMS
2014-02-17 16:58:30.461159 smpp_gateway(21958) [DEBUG] channel_factory.rb:27: Received message type: 2 with 2 SMS
2014-02-17 16:58:53.378660 smpp_gateway(21958) [INFO] [daemon-kit]: Running signal traps for INT
2014-02-17 16:58:53.378515 smpp_gateway(21968) [INFO] [daemon-kit]: Running signal traps for INT
2014-02-17 16:58:53.379631 smpp_gateway(21958) [INFO] [daemon-kit]: Running shutdown hooks
2014-02-17 16:58:53.380122 smpp_gateway(21958) [WARN] [daemon-kit]: Shutting down smpp_gateway
2014-02-17 16:59:02.138504 smpp_gateway(22031) [INFO] [daemon-kit]: DaemonKit (0.2.3) booting in development mode
2014-02-17 16:59:02.139728 smpp_gateway(22031) [INFO] [daemon-kit]: Setting up trap for USR1
2014-02-17 16:59:02.139993 smpp_gateway(22031) [INFO] [daemon-kit]: Setting up trap for USR2
2014-02-17 16:59:02.140189 smpp_gateway(22031) [INFO] [daemon-kit]: Setting up trap for HUP
2014-02-17 16:59:02.140390 smpp_gateway(22031) [INFO] [daemon-kit]: Setting up trap for INT
2014-02-17 16:59:02.140577 smpp_gateway(22031) [INFO] [daemon-kit]: Setting up trap for TERM
2014-02-17 16:59:02.181166 smpp_gateway(22031) [INFO] [daemon-kit]: DaemonKit (0.2.3) booted, now running smpp_gateway
2014-02-17 16:59:02.248484 smpp_gateway(22039) [INFO] [daemon-kit]: Starting rufus-scheduler
2014-02-17 16:59:02.312250 smpp_gateway(22031) [DEBUG] [daemon-kit]: AMQP.start({:user=>"guest", :pass=>"guest", :host=>"localhost", :vhost=>"/"})
2014-02-17 16:59:03.812364 smpp_gateway(22031) [DEBUG] channel_factory.rb:27: Received message type: 2 with 2 SMS
2014-02-17 17:00:04.951163 smpp_gateway(22031) [INFO] [daemon-kit]: Running signal traps for INT
2014-02-17 17:00:04.952217 smpp_gateway(22031) [INFO] [daemon-kit]: Running shutdown hooks
2014-02-17 17:00:04.952584 smpp_gateway(22031) [WARN] [daemon-kit]: Shutting down smpp_gateway
2014-02-17 17:00:13.426871 smpp_gateway(22120) [INFO] [daemon-kit]: DaemonKit (0.2.3) booting in development mode
2014-02-17 17:00:13.428133 smpp_gateway(22120) [INFO] [daemon-kit]: Setting up trap for USR1
2014-02-17 17:00:13.428423 smpp_gateway(22120) [INFO] [daemon-kit]: Setting up trap for USR2
2014-02-17 17:00:13.428660 smpp_gateway(22120) [INFO] [daemon-kit]: Setting up trap for HUP
2014-02-17 17:00:13.428908 smpp_gateway(22120) [INFO] [daemon-kit]: Setting up trap for INT
2014-02-17 17:00:13.429134 smpp_gateway(22120) [INFO] [daemon-kit]: Setting up trap for TERM
2014-02-17 17:00:13.470055 smpp_gateway(22120) [INFO] [daemon-kit]: DaemonKit (0.2.3) booted, now running smpp_gateway
2014-02-17 17:00:13.534979 smpp_gateway(22128) [INFO] [daemon-kit]: Starting rufus-scheduler
2014-02-17 17:00:13.574457 smpp_gateway(22120) [DEBUG] [daemon-kit]: AMQP.start({:user=>"guest", :pass=>"guest", :host=>"localhost", :vhost=>"/"})
2014-02-17 17:00:16.358124 smpp_gateway(22120) [DEBUG] channel_factory.rb:27: Received message type: 2 with 2 SMS
2014-02-17 17:00:43.167819 smpp_gateway(22120) [INFO] [daemon-kit]: Running signal traps for INT
2014-02-17 17:00:43.167833 smpp_gateway(22129) [INFO] [daemon-kit]: Running signal traps for INT
2014-02-17 17:00:43.168936 smpp_gateway(22120) [INFO] [daemon-kit]: Running shutdown hooks
2014-02-17 17:00:43.169430 smpp_gateway(22120) [WARN] [daemon-kit]: Shutting down smpp_gateway
2014-02-17 17:00:52.175267 smpp_gateway(22189) [INFO] [daemon-kit]: DaemonKit (0.2.3) booting in development mode
2014-02-17 17:00:52.176554 smpp_gateway(22189) [INFO] [daemon-kit]: Setting up trap for USR1
2014-02-17 17:00:52.176842 smpp_gateway(22189) [INFO] [daemon-kit]: Setting up trap for USR2
2014-02-17 17:00:52.177085 smpp_gateway(22189) [INFO] [daemon-kit]: Setting up trap for HUP
2014-02-17 17:00:52.177334 smpp_gateway(22189) [INFO] [daemon-kit]: Setting up trap for INT
2014-02-17 17:00:52.177556 smpp_gateway(22189) [INFO] [daemon-kit]: Setting up trap for TERM
2014-02-17 17:00:52.221922 smpp_gateway(22189) [INFO] [daemon-kit]: DaemonKit (0.2.3) booted, now running smpp_gateway
2014-02-17 17:00:52.363224 smpp_gateway(22200) [INFO] [daemon-kit]: Starting rufus-scheduler
2014-02-17 17:00:52.365474 smpp_gateway(22189) [DEBUG] [daemon-kit]: AMQP.start({:user=>"guest", :pass=>"guest", :host=>"localhost", :vhost=>"/"})
2014-02-17 17:00:55.757640 smpp_gateway(22189) [DEBUG] channel_factory.rb:27: Received message type: 2 with 2 SMS
2014-02-17 17:01:36.965464 smpp_gateway(22189) [INFO] [daemon-kit]: Running signal traps for INT
2014-02-17 17:01:36.965612 smpp_gateway(22200) [INFO] [daemon-kit]: Running signal traps for INT
2014-02-17 17:01:36.965570 smpp_gateway(22201) [INFO] [daemon-kit]: Running signal traps for INT
2014-02-17 17:01:36.966760 smpp_gateway(22189) [INFO] [daemon-kit]: Running shutdown hooks
2014-02-17 17:01:36.967298 smpp_gateway(22189) [WARN] [daemon-kit]: Shutting down smpp_gateway
2014-02-17 17:01:46.603015 smpp_gateway(22266) [INFO] [daemon-kit]: DaemonKit (0.2.3) booting in development mode
2014-02-17 17:01:46.604223 smpp_gateway(22266) [INFO] [daemon-kit]: Setting up trap for USR1
2014-02-17 17:01:46.604484 smpp_gateway(22266) [INFO] [daemon-kit]: Setting up trap for USR2
2014-02-17 17:01:46.604684 smpp_gateway(22266) [INFO] [daemon-kit]: Setting up trap for HUP
2014-02-17 17:01:46.604891 smpp_gateway(22266) [INFO] [daemon-kit]: Setting up trap for INT
2014-02-17 17:01:46.605081 smpp_gateway(22266) [INFO] [daemon-kit]: Setting up trap for TERM
2014-02-17 17:01:46.646958 smpp_gateway(22266) [INFO] [daemon-kit]: DaemonKit (0.2.3) booted, now running smpp_gateway
2014-02-17 17:01:46.764702 smpp_gateway(22277) [INFO] [daemon-kit]: Starting rufus-scheduler
2014-02-17 17:01:46.769569 smpp_gateway(22266) [DEBUG] [daemon-kit]: AMQP.start({:user=>"guest", :pass=>"guest", :host=>"localhost", :vhost=>"/"})
2014-02-17 17:01:57.399853 smpp_gateway(22266) [DEBUG] channel_factory.rb:27: Received message type: 2 with 2 SMS
2014-02-17 17:03:06.87808 smpp_gateway(22266) [INFO] [daemon-kit]: Running signal traps for INT
2014-02-17 17:03:06.88664 smpp_gateway(22266) [INFO] [daemon-kit]: Running shutdown hooks
2014-02-17 17:03:06.89042 smpp_gateway(22266) [WARN] [daemon-kit]: Shutting down smpp_gateway
2014-02-17 17:03:15.205333 smpp_gateway(22373) [INFO] [daemon-kit]: DaemonKit (0.2.3) booting in development mode
2014-02-17 17:03:15.206495 smpp_gateway(22373) [INFO] [daemon-kit]: Setting up trap for USR1
2014-02-17 17:03:15.206752 smpp_gateway(22373) [INFO] [daemon-kit]: Setting up trap for USR2
2014-02-17 17:03:15.206959 smpp_gateway(22373) [INFO] [daemon-kit]: Setting up trap for HUP
2014-02-17 17:03:15.207173 smpp_gateway(22373) [INFO] [daemon-kit]: Setting up trap for INT
2014-02-17 17:03:15.207368 smpp_gateway(22373) [INFO] [daemon-kit]: Setting up trap for TERM
2014-02-17 17:03:15.249262 smpp_gateway(22373) [INFO] [daemon-kit]: DaemonKit (0.2.3) booted, now running smpp_gateway
2014-02-17 17:03:15.319792 smpp_gateway(22381) [INFO] [daemon-kit]: Starting rufus-scheduler
2014-02-17 17:03:15.381429 smpp_gateway(22373) [DEBUG] [daemon-kit]: AMQP.start({:user=>"guest", :pass=>"guest", :host=>"localhost", :vhost=>"/"})
2014-02-17 17:03:28.931816 smpp_gateway(22373) [DEBUG] channel_factory.rb:27: Received message type: 2 with 2 SMS
2014-02-17 17:05:15.486084 smpp_gateway(22373) [INFO] [daemon-kit]: Running signal traps for INT
2014-02-17 17:05:15.486089 smpp_gateway(22381) [INFO] [daemon-kit]: Running signal traps for INT
2014-02-17 17:05:15.486092 smpp_gateway(22382) [INFO] [daemon-kit]: Running signal traps for INT
2014-02-17 17:05:15.487249 smpp_gateway(22373) [INFO] [daemon-kit]: Running shutdown hooks
2014-02-17 17:05:15.487716 smpp_gateway(22373) [WARN] [daemon-kit]: Shutting down smpp_gateway
2014-02-17 17:05:24.220053 smpp_gateway(22502) [INFO] [daemon-kit]: DaemonKit (0.2.3) booting in development mode
2014-02-17 17:05:24.221334 smpp_gateway(22502) [INFO] [daemon-kit]: Setting up trap for USR1
2014-02-17 17:05:24.221590 smpp_gateway(22502) [INFO] [daemon-kit]: Setting up trap for USR2
2014-02-17 17:05:24.221797 smpp_gateway(22502) [INFO] [daemon-kit]: Setting up trap for HUP
2014-02-17 17:05:24.222006 smpp_gateway(22502) [INFO] [daemon-kit]: Setting up trap for INT
2014-02-17 17:05:24.222199 smpp_gateway(22502) [INFO] [daemon-kit]: Setting up trap for TERM
2014-02-17 17:05:24.266002 smpp_gateway(22502) [INFO] [daemon-kit]: DaemonKit (0.2.3) booted, now running smpp_gateway
2014-02-17 17:05:24.380613 smpp_gateway(22513) [INFO] [daemon-kit]: Starting rufus-scheduler
2014-02-17 17:05:24.383392 smpp_gateway(22502) [DEBUG] [daemon-kit]: AMQP.start({:user=>"guest", :pass=>"guest", :host=>"localhost", :vhost=>"/"})
2014-02-17 17:06:02.398882 smpp_gateway(22502) [INFO] [daemon-kit]: Running signal traps for INT
2014-02-17 17:06:02.399115 smpp_gateway(22514) [INFO] [daemon-kit]: Running signal traps for INT
2014-02-17 17:06:02.400118 smpp_gateway(22502) [INFO] [daemon-kit]: Running shutdown hooks
2014-02-17 17:06:02.400785 smpp_gateway(22502) [WARN] [daemon-kit]: Shutting down smpp_gateway
2014-02-17 17:06:10.982065 smpp_gateway(22562) [INFO] [daemon-kit]: DaemonKit (0.2.3) booting in development mode
2014-02-17 17:06:10.983282 smpp_gateway(22562) [INFO] [daemon-kit]: Setting up trap for USR1
2014-02-17 17:06:10.983563 smpp_gateway(22562) [INFO] [daemon-kit]: Setting up trap for USR2
2014-02-17 17:06:10.983791 smpp_gateway(22562) [INFO] [daemon-kit]: Setting up trap for HUP
2014-02-17 17:06:10.984039 smpp_gateway(22562) [INFO] [daemon-kit]: Setting up trap for INT
2014-02-17 17:06:10.984253 smpp_gateway(22562) [INFO] [daemon-kit]: Setting up trap for TERM
2014-02-17 17:06:11.26468 smpp_gateway(22562) [INFO] [daemon-kit]: DaemonKit (0.2.3) booted, now running smpp_gateway
2014-02-17 17:06:11.67939 smpp_gateway(22571) [INFO] [daemon-kit]: Starting rufus-scheduler
2014-02-17 17:06:11.182524 smpp_gateway(22562) [DEBUG] [daemon-kit]: AMQP.start({:user=>"guest", :pass=>"guest", :host=>"localhost", :vhost=>"/"})
2014-02-17 17:06:38.565940 smpp_gateway(22562) [INFO] [daemon-kit]: Running signal traps for INT
2014-02-17 17:06:38.565949 smpp_gateway(22570) [INFO] [daemon-kit]: Running signal traps for INT
2014-02-17 17:06:38.565918 smpp_gateway(22571) [INFO] [daemon-kit]: Running signal traps for INT
2014-02-17 17:06:38.565940 smpp_gateway(22572) [INFO] [daemon-kit]: Running signal traps for INT
2014-02-17 17:06:38.566668 smpp_gateway(22562) [INFO] [daemon-kit]: Running shutdown hooks
2014-02-17 17:06:38.566981 smpp_gateway(22562) [WARN] [daemon-kit]: Shutting down smpp_gateway
2014-02-17 17:06:47.528466 smpp_gateway(22605) [INFO] [daemon-kit]: DaemonKit (0.2.3) booting in development mode
2014-02-17 17:06:47.529667 smpp_gateway(22605) [INFO] [daemon-kit]: Setting up trap for USR1
2014-02-17 17:06:47.529962 smpp_gateway(22605) [INFO] [daemon-kit]: Setting up trap for USR2
2014-02-17 17:06:47.530209 smpp_gateway(22605) [INFO] [daemon-kit]: Setting up trap for HUP
2014-02-17 17:06:47.530455 smpp_gateway(22605) [INFO] [daemon-kit]: Setting up trap for INT
2014-02-17 17:06:47.530681 smpp_gateway(22605) [INFO] [daemon-kit]: Setting up trap for TERM
2014-02-17 17:06:47.574952 smpp_gateway(22605) [INFO] [daemon-kit]: DaemonKit (0.2.3) booted, now running smpp_gateway
2014-02-17 17:06:47.667486 smpp_gateway(22617) [INFO] [daemon-kit]: Starting rufus-scheduler
2014-02-17 17:06:47.795695 smpp_gateway(22605) [DEBUG] [daemon-kit]: AMQP.start({:user=>"guest", :pass=>"guest", :host=>"localhost", :vhost=>"/"})
2014-02-17 17:07:03.486662 smpp_gateway(22605) [INFO] [daemon-kit]: Running signal traps for INT
2014-02-17 17:07:03.487809 smpp_gateway(22605) [INFO] [daemon-kit]: Running shutdown hooks
2014-02-17 17:07:03.488318 smpp_gateway(22605) [WARN] [daemon-kit]: Shutting down smpp_gateway
2014-02-17 17:07:12.141261 smpp_gateway(22642) [INFO] [daemon-kit]: DaemonKit (0.2.3) booting in development mode
2014-02-17 17:07:12.142482 smpp_gateway(22642) [INFO] [daemon-kit]: Setting up trap for USR1
2014-02-17 17:07:12.142773 smpp_gateway(22642) [INFO] [daemon-kit]: Setting up trap for USR2
2014-02-17 17:07:12.143007 smpp_gateway(22642) [INFO] [daemon-kit]: Setting up trap for HUP
2014-02-17 17:07:12.143253 smpp_gateway(22642) [INFO] [daemon-kit]: Setting up trap for INT
2014-02-17 17:07:12.143477 smpp_gateway(22642) [INFO] [daemon-kit]: Setting up trap for TERM
2014-02-17 17:07:12.184113 smpp_gateway(22642) [INFO] [daemon-kit]: DaemonKit (0.2.3) booted, now running smpp_gateway
2014-02-17 17:07:12.317947 smpp_gateway(22651) [INFO] [daemon-kit]: Starting rufus-scheduler
2014-02-17 17:07:12.358675 smpp_gateway(22642) [DEBUG] [daemon-kit]: AMQP.start({:user=>"guest", :pass=>"guest", :host=>"localhost", :vhost=>"/"})
2014-02-17 17:07:43.311594 smpp_gateway(22642) [INFO] [daemon-kit]: Running signal traps for INT
2014-02-17 17:07:43.311593 smpp_gateway(22652) [INFO] [daemon-kit]: Running signal traps for INT
2014-02-17 17:07:43.311615 smpp_gateway(22650) [INFO] [daemon-kit]: Running signal traps for INT
2014-02-17 17:07:43.312986 smpp_gateway(22642) [INFO] [daemon-kit]: Running shutdown hooks
2014-02-17 17:07:43.313618 smpp_gateway(22642) [WARN] [daemon-kit]: Shutting down smpp_gateway
2014-02-17 17:07:52.705144 smpp_gateway(22717) [INFO] [daemon-kit]: DaemonKit (0.2.3) booting in development mode
2014-02-17 17:07:52.706362 smpp_gateway(22717) [INFO] [daemon-kit]: Setting up trap for USR1
2014-02-17 17:07:52.706610 smpp_gateway(22717) [INFO] [daemon-kit]: Setting up trap for USR2
2014-02-17 17:07:52.706807 smpp_gateway(22717) [INFO] [daemon-kit]: Setting up trap for HUP
2014-02-17 17:07:52.707015 smpp_gateway(22717) [INFO] [daemon-kit]: Setting up trap for INT
2014-02-17 17:07:52.707201 smpp_gateway(22717) [INFO] [daemon-kit]: Setting up trap for TERM
2014-02-17 17:07:52.753375 smpp_gateway(22717) [INFO] [daemon-kit]: DaemonKit (0.2.3) booted, now running smpp_gateway
2014-02-17 17:07:52.822623 smpp_gateway(22726) [INFO] [daemon-kit]: Starting rufus-scheduler
2014-02-17 17:07:52.893279 smpp_gateway(22717) [DEBUG] [daemon-kit]: AMQP.start({:user=>"guest", :pass=>"guest", :host=>"localhost", :vhost=>"/"})
2014-02-17 17:08:48.403967 smpp_gateway(22717) [INFO] [daemon-kit]: Running signal traps for INT
2014-02-17 17:08:48.403915 smpp_gateway(22726) [INFO] [daemon-kit]: Running signal traps for INT
2014-02-17 17:08:48.405169 smpp_gateway(22717) [INFO] [daemon-kit]: Running shutdown hooks
2014-02-17 17:08:48.405684 smpp_gateway(22717) [WARN] [daemon-kit]: Shutting down smpp_gateway
2014-02-17 17:08:57.148764 smpp_gateway(22806) [INFO] [daemon-kit]: DaemonKit (0.2.3) booting in development mode
2014-02-17 17:08:57.149990 smpp_gateway(22806) [INFO] [daemon-kit]: Setting up trap for USR1
2014-02-17 17:08:57.150275 smpp_gateway(22806) [INFO] [daemon-kit]: Setting up trap for USR2
2014-02-17 17:08:57.150509 smpp_gateway(22806) [INFO] [daemon-kit]: Setting up trap for HUP
2014-02-17 17:08:57.150752 smpp_gateway(22806) [INFO] [daemon-kit]: Setting up trap for INT
2014-02-17 17:08:57.150976 smpp_gateway(22806) [INFO] [daemon-kit]: Setting up trap for TERM
2014-02-17 17:08:57.193244 smpp_gateway(22806) [INFO] [daemon-kit]: DaemonKit (0.2.3) booted, now running smpp_gateway
2014-02-17 17:08:57.268745 smpp_gateway(22817) [INFO] [daemon-kit]: Starting rufus-scheduler
2014-02-17 17:08:57.299639 smpp_gateway(22806) [DEBUG] [daemon-kit]: AMQP.start({:user=>"guest", :pass=>"guest", :host=>"localhost", :vhost=>"/"})
2014-02-17 17:09:55.836112 smpp_gateway(22806) [INFO] [daemon-kit]: Running signal traps for INT
2014-02-17 17:09:55.836067 smpp_gateway(22817) [INFO] [daemon-kit]: Running signal traps for INT
2014-02-17 17:09:55.836150 smpp_gateway(22816) [INFO] [daemon-kit]: Running signal traps for INT
2014-02-17 17:09:55.836087 smpp_gateway(22818) [INFO] [daemon-kit]: Running signal traps for INT
2014-02-17 17:09:55.837456 smpp_gateway(22806) [INFO] [daemon-kit]: Running shutdown hooks
2014-02-17 17:09:55.838087 smpp_gateway(22806) [WARN] [daemon-kit]: Shutting down smpp_gateway
2014-02-17 17:10:04.351368 smpp_gateway(22892) [INFO] [daemon-kit]: DaemonKit (0.2.3) booting in development mode
2014-02-17 17:10:04.352557 smpp_gateway(22892) [INFO] [daemon-kit]: Setting up trap for USR1
2014-02-17 17:10:04.352821 smpp_gateway(22892) [INFO] [daemon-kit]: Setting up trap for USR2
2014-02-17 17:10:04.353033 smpp_gateway(22892) [INFO] [daemon-kit]: Setting up trap for HUP
2014-02-17 17:10:04.353248 smpp_gateway(22892) [INFO] [daemon-kit]: Setting up trap for INT
2014-02-17 17:10:04.353444 smpp_gateway(22892) [INFO] [daemon-kit]: Setting up trap for TERM
2014-02-17 17:10:04.395850 smpp_gateway(22892) [INFO] [daemon-kit]: DaemonKit (0.2.3) booted, now running smpp_gateway
2014-02-17 17:10:04.435742 smpp_gateway(22901) [INFO] [daemon-kit]: Starting rufus-scheduler
2014-02-17 17:10:04.490169 smpp_gateway(22892) [DEBUG] [daemon-kit]: AMQP.start({:user=>"guest", :pass=>"guest", :host=>"localhost", :vhost=>"/"})
2014-02-17 17:10:46.304633 smpp_gateway(22892) [INFO] [daemon-kit]: Running signal traps for INT
2014-02-17 17:10:46.304706 smpp_gateway(22902) [INFO] [daemon-kit]: Running signal traps for INT
2014-02-17 17:10:46.305919 smpp_gateway(22892) [INFO] [daemon-kit]: Running shutdown hooks
2014-02-17 17:10:46.306515 smpp_gateway(22892) [WARN] [daemon-kit]: Shutting down smpp_gateway
2014-02-17 17:10:55.220075 smpp_gateway(22985) [INFO] [daemon-kit]: DaemonKit (0.2.3) booting in development mode
2014-02-17 17:10:55.221336 smpp_gateway(22985) [INFO] [daemon-kit]: Setting up trap for USR1
2014-02-17 17:10:55.221630 smpp_gateway(22985) [INFO] [daemon-kit]: Setting up trap for USR2
2014-02-17 17:10:55.221868 smpp_gateway(22985) [INFO] [daemon-kit]: Setting up trap for HUP
2014-02-17 17:10:55.222115 smpp_gateway(22985) [INFO] [daemon-kit]: Setting up trap for INT
2014-02-17 17:10:55.222343 smpp_gateway(22985) [INFO] [daemon-kit]: Setting up trap for TERM
2014-02-17 17:10:55.268754 smpp_gateway(22985) [INFO] [daemon-kit]: DaemonKit (0.2.3) booted, now running smpp_gateway
2014-02-17 17:10:55.363846 smpp_gateway(22996) [INFO] [daemon-kit]: Starting rufus-scheduler
2014-02-17 17:10:55.476983 smpp_gateway(22985) [DEBUG] [daemon-kit]: AMQP.start({:user=>"guest", :pass=>"guest", :host=>"localhost", :vhost=>"/"})
2014-02-17 17:11:48.393430 smpp_gateway(22985) [INFO] [daemon-kit]: Running signal traps for INT
2014-02-17 17:11:48.393456 smpp_gateway(22997) [INFO] [daemon-kit]: Running signal traps for INT
2014-02-17 17:11:48.393448 smpp_gateway(22995) [INFO] [daemon-kit]: Running signal traps for INT
2014-02-17 17:11:48.393420 smpp_gateway(22996) [INFO] [daemon-kit]: Running signal traps for INT
2014-02-17 17:11:48.394788 smpp_gateway(22985) [INFO] [daemon-kit]: Running shutdown hooks
2014-02-17 17:11:48.395523 smpp_gateway(22985) [WARN] [daemon-kit]: Shutting down smpp_gateway
2014-02-17 17:11:57.157197 smpp_gateway(23050) [INFO] [daemon-kit]: DaemonKit (0.2.3) booting in development mode
2014-02-17 17:11:57.158377 smpp_gateway(23050) [INFO] [daemon-kit]: Setting up trap for USR1
2014-02-17 17:11:57.158642 smpp_gateway(23050) [INFO] [daemon-kit]: Setting up trap for USR2
2014-02-17 17:11:57.158842 smpp_gateway(23050) [INFO] [daemon-kit]: Setting up trap for HUP
2014-02-17 17:11:57.159051 smpp_gateway(23050) [INFO] [daemon-kit]: Setting up trap for INT
2014-02-17 17:11:57.159241 smpp_gateway(23050) [INFO] [daemon-kit]: Setting up trap for TERM
2014-02-17 17:11:57.201937 smpp_gateway(23050) [INFO] [daemon-kit]: DaemonKit (0.2.3) booted, now running smpp_gateway
2014-02-17 17:11:57.280591 smpp_gateway(23058) [INFO] [daemon-kit]: Starting rufus-scheduler
2014-02-17 17:11:57.295509 smpp_gateway(23050) [DEBUG] [daemon-kit]: AMQP.start({:user=>"guest", :pass=>"guest", :host=>"localhost", :vhost=>"/"})
2014-02-17 17:16:13.151625 smpp_gateway(23050) [INFO] [daemon-kit]: Running signal traps for INT
2014-02-17 17:16:13.151573 smpp_gateway(23058) [INFO] [daemon-kit]: Running signal traps for INT
2014-02-17 17:16:13.151784 smpp_gateway(23059) [INFO] [daemon-kit]: Running signal traps for INT
2014-02-17 17:16:13.153038 smpp_gateway(23050) [INFO] [daemon-kit]: Running shutdown hooks
2014-02-17 17:16:13.153577 smpp_gateway(23050) [WARN] [daemon-kit]: Shutting down smpp_gateway
2014-02-17 17:16:21.900454 smpp_gateway(23278) [INFO] [daemon-kit]: DaemonKit (0.2.3) booting in development mode
2014-02-17 17:16:21.901650 smpp_gateway(23278) [INFO] [daemon-kit]: Setting up trap for USR1
2014-02-17 17:16:21.901925 smpp_gateway(23278) [INFO] [daemon-kit]: Setting up trap for USR2
2014-02-17 17:16:21.902151 smpp_gateway(23278) [INFO] [daemon-kit]: Setting up trap for HUP
2014-02-17 17:16:21.902382 smpp_gateway(23278) [INFO] [daemon-kit]: Setting up trap for INT
2014-02-17 17:16:21.902596 smpp_gateway(23278) [INFO] [daemon-kit]: Setting up trap for TERM
2014-02-17 17:16:21.943998 smpp_gateway(23278) [INFO] [daemon-kit]: DaemonKit (0.2.3) booted, now running smpp_gateway
2014-02-17 17:16:22.16687 smpp_gateway(23287) [INFO] [daemon-kit]: Starting rufus-scheduler
2014-02-17 17:16:22.115470 smpp_gateway(23278) [DEBUG] [daemon-kit]: AMQP.start({:user=>"guest", :pass=>"guest", :host=>"localhost", :vhost=>"/"})
2014-02-17 17:17:00.896703 smpp_gateway(23278) [INFO] [daemon-kit]: Running signal traps for INT
2014-02-17 17:17:00.896732 smpp_gateway(23287) [INFO] [daemon-kit]: Running signal traps for INT
2014-02-17 17:17:00.896803 smpp_gateway(23288) [INFO] [daemon-kit]: Running signal traps for INT
2014-02-17 17:17:00.898135 smpp_gateway(23278) [INFO] [daemon-kit]: Running shutdown hooks
2014-02-17 17:17:00.898948 smpp_gateway(23278) [WARN] [daemon-kit]: Shutting down smpp_gateway
2014-02-17 17:17:09.490588 smpp_gateway(23341) [INFO] [daemon-kit]: DaemonKit (0.2.3) booting in development mode
2014-02-17 17:17:09.492230 smpp_gateway(23341) [INFO] [daemon-kit]: Setting up trap for USR1
2014-02-17 17:17:09.492569 smpp_gateway(23341) [INFO] [daemon-kit]: Setting up trap for USR2
2014-02-17 17:17:09.492816 smpp_gateway(23341) [INFO] [daemon-kit]: Setting up trap for HUP
2014-02-17 17:17:09.493068 smpp_gateway(23341) [INFO] [daemon-kit]: Setting up trap for INT
2014-02-17 17:17:09.493307 smpp_gateway(23341) [INFO] [daemon-kit]: Setting up trap for TERM
2014-02-17 17:17:09.535504 smpp_gateway(23341) [INFO] [daemon-kit]: DaemonKit (0.2.3) booted, now running smpp_gateway
2014-02-17 17:17:09.580646 smpp_gateway(23352) [INFO] [daemon-kit]: Starting rufus-scheduler
2014-02-17 17:17:09.642982 smpp_gateway(23341) [DEBUG] [daemon-kit]: AMQP.start({:user=>"guest", :pass=>"guest", :host=>"localhost", :vhost=>"/"})
2014-02-17 17:19:23.681170 smpp_gateway(23341) [INFO] [daemon-kit]: Running signal traps for INT
2014-02-17 17:19:23.681116 smpp_gateway(23352) [INFO] [daemon-kit]: Running signal traps for INT
2014-02-17 17:19:23.681107 smpp_gateway(23353) [INFO] [daemon-kit]: Running signal traps for INT
2014-02-17 17:19:23.681159 smpp_gateway(23351) [INFO] [daemon-kit]: Running signal traps for INT
2014-02-17 17:19:23.682597 smpp_gateway(23341) [INFO] [daemon-kit]: Running shutdown hooks
2014-02-17 17:19:23.683210 smpp_gateway(23341) [WARN] [daemon-kit]: Shutting down smpp_gateway
2014-02-17 17:19:59.960123 smpp_gateway(23524) [INFO] [daemon-kit]: DaemonKit (0.2.3) booting in development mode
2014-02-17 17:19:59.961298 smpp_gateway(23524) [INFO] [daemon-kit]: Setting up trap for USR1
2014-02-17 17:19:59.961592 smpp_gateway(23524) [INFO] [daemon-kit]: Setting up trap for USR2
2014-02-17 17:19:59.961834 smpp_gateway(23524) [INFO] [daemon-kit]: Setting up trap for HUP
2014-02-17 17:19:59.962080 smpp_gateway(23524) [INFO] [daemon-kit]: Setting up trap for INT
2014-02-17 17:19:59.962306 smpp_gateway(23524) [INFO] [daemon-kit]: Setting up trap for TERM
2014-02-17 17:20:00.2159 smpp_gateway(23524) [INFO] [daemon-kit]: DaemonKit (0.2.3) booted, now running smpp_gateway
2014-02-17 17:20:00.80462 smpp_gateway(23532) [INFO] [daemon-kit]: Starting rufus-scheduler
2014-02-17 17:20:00.103115 smpp_gateway(23524) [DEBUG] [daemon-kit]: AMQP.start({:user=>"guest", :pass=>"guest", :host=>"localhost", :vhost=>"/"})
2014-02-17 17:20:34.207702 smpp_gateway(23524) [INFO] [daemon-kit]: Running signal traps for INT
2014-02-17 17:20:34.207713 smpp_gateway(23533) [INFO] [daemon-kit]: Running signal traps for INT
2014-02-17 17:20:34.207686 smpp_gateway(23532) [INFO] [daemon-kit]: Running signal traps for INT
2014-02-17 17:20:34.208950 smpp_gateway(23524) [INFO] [daemon-kit]: Running shutdown hooks
2014-02-17 17:20:34.209473 smpp_gateway(23524) [WARN] [daemon-kit]: Shutting down smpp_gateway
2014-02-17 17:20:43.15979 smpp_gateway(23569) [INFO] [daemon-kit]: DaemonKit (0.2.3) booting in development mode
2014-02-17 17:20:43.17238 smpp_gateway(23569) [INFO] [daemon-kit]: Setting up trap for USR1
2014-02-17 17:20:43.17535 smpp_gateway(23569) [INFO] [daemon-kit]: Setting up trap for USR2
2014-02-17 17:20:43.17779 smpp_gateway(23569) [INFO] [daemon-kit]: Setting up trap for HUP
2014-02-17 17:20:43.18026 smpp_gateway(23569) [INFO] [daemon-kit]: Setting up trap for INT
2014-02-17 17:20:43.18256 smpp_gateway(23569) [INFO] [daemon-kit]: Setting up trap for TERM
2014-02-17 17:20:43.59773 smpp_gateway(23569) [INFO] [daemon-kit]: DaemonKit (0.2.3) booted, now running smpp_gateway
2014-02-17 17:20:43.100106 smpp_gateway(23581) [INFO] [daemon-kit]: Starting rufus-scheduler
2014-02-17 17:20:43.125940 smpp_gateway(23569) [DEBUG] [daemon-kit]: AMQP.start({:user=>"guest", :pass=>"guest", :host=>"localhost", :vhost=>"/"})
2014-02-17 17:20:45.366296 smpp_gateway(23569) [DEBUG] channel_factory.rb:27: Received message type: 2 with 2 SMS
2014-02-17 17:20:51.52760 smpp_gateway(23569) [DEBUG] channel_factory.rb:27: Received message type: 2 with 2 SMS
2014-02-17 17:21:09.162625 smpp_gateway(23569) [INFO] [daemon-kit]: Running signal traps for INT
2014-02-17 17:21:09.162638 smpp_gateway(23582) [INFO] [daemon-kit]: Running signal traps for INT
2014-02-17 17:21:09.163665 smpp_gateway(23569) [INFO] [daemon-kit]: Running shutdown hooks
2014-02-17 17:21:09.164214 smpp_gateway(23569) [WARN] [daemon-kit]: Shutting down smpp_gateway
2014-02-17 17:21:18.79965 smpp_gateway(23615) [INFO] [daemon-kit]: DaemonKit (0.2.3) booting in development mode
2014-02-17 17:21:18.81193 smpp_gateway(23615) [INFO] [daemon-kit]: Setting up trap for USR1
2014-02-17 17:21:18.81473 smpp_gateway(23615) [INFO] [daemon-kit]: Setting up trap for USR2
2014-02-17 17:21:18.81699 smpp_gateway(23615) [INFO] [daemon-kit]: Setting up trap for HUP
2014-02-17 17:21:18.82014 smpp_gateway(23615) [INFO] [daemon-kit]: Setting up trap for INT
2014-02-17 17:21:18.82242 smpp_gateway(23615) [INFO] [daemon-kit]: Setting up trap for TERM
2014-02-17 17:21:18.126669 smpp_gateway(23615) [INFO] [daemon-kit]: DaemonKit (0.2.3) booted, now running smpp_gateway
2014-02-17 17:21:18.248312 smpp_gateway(23624) [INFO] [daemon-kit]: Starting rufus-scheduler
2014-02-17 17:21:18.304248 smpp_gateway(23615) [DEBUG] [daemon-kit]: AMQP.start({:user=>"guest", :pass=>"guest", :host=>"localhost", :vhost=>"/"})
2014-02-17 17:21:25.532403 smpp_gateway(23615) [DEBUG] channel_factory.rb:27: Received message type: 2 with 2 SMS
2014-02-17 17:21:38.617545 smpp_gateway(23615) [DEBUG] channel_factory.rb:27: Received message type: 2 with 2 SMS
2014-02-17 17:22:14.716401 smpp_gateway(23615) [INFO] [daemon-kit]: Running signal traps for INT
2014-02-17 17:22:14.717714 smpp_gateway(23615) [INFO] [daemon-kit]: Running shutdown hooks
2014-02-17 17:22:14.718333 smpp_gateway(23615) [WARN] [daemon-kit]: Shutting down smpp_gateway
2014-02-17 17:22:22.792231 smpp_gateway(23692) [INFO] [daemon-kit]: DaemonKit (0.2.3) booting in development mode
2014-02-17 17:22:22.793438 smpp_gateway(23692) [INFO] [daemon-kit]: Setting up trap for USR1
2014-02-17 17:22:22.793739 smpp_gateway(23692) [INFO] [daemon-kit]: Setting up trap for USR2
2014-02-17 17:22:22.793968 smpp_gateway(23692) [INFO] [daemon-kit]: Setting up trap for HUP
2014-02-17 17:22:22.794206 smpp_gateway(23692) [INFO] [daemon-kit]: Setting up trap for INT
2014-02-17 17:22:22.794424 smpp_gateway(23692) [INFO] [daemon-kit]: Setting up trap for TERM
2014-02-17 17:22:22.836631 smpp_gateway(23692) [INFO] [daemon-kit]: DaemonKit (0.2.3) booted, now running smpp_gateway
2014-02-17 17:22:22.992367 smpp_gateway(23700) [INFO] [daemon-kit]: Starting rufus-scheduler
2014-02-17 17:22:22.994824 smpp_gateway(23692) [DEBUG] [daemon-kit]: AMQP.start({:user=>"guest", :pass=>"guest", :host=>"localhost", :vhost=>"/"})
2014-02-17 17:22:29.818071 smpp_gateway(23692) [DEBUG] channel_factory.rb:27: Received message type: 2 with 2 SMS
2014-02-17 17:23:24.781471 smpp_gateway(23692) [INFO] [daemon-kit]: Running signal traps for INT
2014-02-17 17:23:24.781374 smpp_gateway(23702) [INFO] [daemon-kit]: Running signal traps for INT
2014-02-17 17:23:24.782469 smpp_gateway(23692) [INFO] [daemon-kit]: Running shutdown hooks
2014-02-17 17:23:24.782871 smpp_gateway(23692) [WARN] [daemon-kit]: Shutting down smpp_gateway
2014-02-17 17:23:33.836242 smpp_gateway(23765) [INFO] [daemon-kit]: DaemonKit (0.2.3) booting in development mode
2014-02-17 17:23:33.837546 smpp_gateway(23765) [INFO] [daemon-kit]: Setting up trap for USR1
2014-02-17 17:23:33.837830 smpp_gateway(23765) [INFO] [daemon-kit]: Setting up trap for USR2
2014-02-17 17:23:33.838063 smpp_gateway(23765) [INFO] [daemon-kit]: Setting up trap for HUP
2014-02-17 17:23:33.838332 smpp_gateway(23765) [INFO] [daemon-kit]: Setting up trap for INT
2014-02-17 17:23:33.838554 smpp_gateway(23765) [INFO] [daemon-kit]: Setting up trap for TERM
2014-02-17 17:23:33.880397 smpp_gateway(23765) [INFO] [daemon-kit]: DaemonKit (0.2.3) booted, now running smpp_gateway
2014-02-17 17:23:33.958807 smpp_gateway(23765) [DEBUG] [daemon-kit]: AMQP.start({:user=>"guest", :pass=>"guest", :host=>"localhost", :vhost=>"/"})
2014-02-17 17:23:33.959376 smpp_gateway(23773) [INFO] [daemon-kit]: Starting rufus-scheduler
2014-02-17 17:23:36.739753 smpp_gateway(23765) [DEBUG] channel_factory.rb:27: Received message type: 2 with 2 SMS
2014-02-17 17:23:55.497553 smpp_gateway(23765) [DEBUG] channel_factory.rb:27: Received message type: 2 with 2 SMS
2014-02-17 17:24:43.700718 smpp_gateway(23765) [INFO] [daemon-kit]: Running signal traps for INT
2014-02-17 17:24:43.700691 smpp_gateway(23774) [INFO] [daemon-kit]: Running signal traps for INT
2014-02-17 17:24:43.701619 smpp_gateway(23765) [INFO] [daemon-kit]: Running shutdown hooks
2014-02-17 17:24:43.702056 smpp_gateway(23765) [WARN] [daemon-kit]: Shutting down smpp_gateway
2014-02-17 17:24:53.274657 smpp_gateway(23878) [INFO] [daemon-kit]: DaemonKit (0.2.3) booting in development mode
2014-02-17 17:24:53.275876 smpp_gateway(23878) [INFO] [daemon-kit]: Setting up trap for USR1
2014-02-17 17:24:53.276159 smpp_gateway(23878) [INFO] [daemon-kit]: Setting up trap for USR2
2014-02-17 17:24:53.276395 smpp_gateway(23878) [INFO] [daemon-kit]: Setting up trap for HUP
2014-02-17 17:24:53.276651 smpp_gateway(23878) [INFO] [daemon-kit]: Setting up trap for INT
2014-02-17 17:24:53.276870 smpp_gateway(23878) [INFO] [daemon-kit]: Setting up trap for TERM
2014-02-17 17:24:53.318520 smpp_gateway(23878) [INFO] [daemon-kit]: DaemonKit (0.2.3) booted, now running smpp_gateway
2014-02-17 17:24:53.460842 smpp_gateway(23886) [INFO] [daemon-kit]: Starting rufus-scheduler
2014-02-17 17:24:53.480772 smpp_gateway(23878) [DEBUG] [daemon-kit]: AMQP.start({:user=>"guest", :pass=>"guest", :host=>"localhost", :vhost=>"/"})
2014-02-17 17:29:42.742250 smpp_gateway(23878) [DEBUG] channel_factory.rb:27: Received message type: 2 with 2 SMS
2014-02-17 17:30:02.474695 smpp_gateway(23878) [DEBUG] channel_factory.rb:27: Received message type: 2 with 2 SMS
2014-02-17 17:30:54.782956 smpp_gateway(23878) [INFO] [daemon-kit]: Running signal traps for INT
2014-02-17 17:30:54.783907 smpp_gateway(23878) [INFO] [daemon-kit]: Running shutdown hooks
2014-02-17 17:30:54.784284 smpp_gateway(23878) [WARN] [daemon-kit]: Shutting down smpp_gateway
2014-02-17 17:31:04.139673 smpp_gateway(24266) [INFO] [daemon-kit]: DaemonKit (0.2.3) booting in development mode
2014-02-17 17:31:04.140836 smpp_gateway(24266) [INFO] [daemon-kit]: Setting up trap for USR1
2014-02-17 17:31:04.141085 smpp_gateway(24266) [INFO] [daemon-kit]: Setting up trap for USR2
2014-02-17 17:31:04.141298 smpp_gateway(24266) [INFO] [daemon-kit]: Setting up trap for HUP
2014-02-17 17:31:04.141504 smpp_gateway(24266) [INFO] [daemon-kit]: Setting up trap for INT
2014-02-17 17:31:04.141693 smpp_gateway(24266) [INFO] [daemon-kit]: Setting up trap for TERM
2014-02-17 17:31:04.184027 smpp_gateway(24266) [INFO] [daemon-kit]: DaemonKit (0.2.3) booted, now running smpp_gateway
2014-02-17 17:31:04.262716 smpp_gateway(24274) [INFO] [daemon-kit]: Starting rufus-scheduler
2014-02-17 17:31:04.322282 smpp_gateway(24266) [DEBUG] [daemon-kit]: AMQP.start({:user=>"guest", :pass=>"guest", :host=>"localhost", :vhost=>"/"})
2014-02-17 17:31:21.650462 smpp_gateway(24266) [DEBUG] channel_factory.rb:27: Received message type: 2 with 2 SMS
2014-02-17 17:43:10.635530 smpp_gateway(24266) [INFO] [daemon-kit]: Running signal traps for INT
2014-02-17 17:43:10.635554 smpp_gateway(24274) [INFO] [daemon-kit]: Running signal traps for INT
2014-02-17 17:43:10.635575 smpp_gateway(24275) [INFO] [daemon-kit]: Running signal traps for INT
2014-02-17 17:43:10.636726 smpp_gateway(24266) [INFO] [daemon-kit]: Running shutdown hooks
2014-02-17 17:43:10.637177 smpp_gateway(24266) [WARN] [daemon-kit]: Shutting down smpp_gateway
2014-02-17 17:43:19.791592 smpp_gateway(24999) [INFO] [daemon-kit]: DaemonKit (0.2.3) booting in development mode
2014-02-17 17:43:19.792875 smpp_gateway(24999) [INFO] [daemon-kit]: Setting up trap for USR1
2014-02-17 17:43:19.793170 smpp_gateway(24999) [INFO] [daemon-kit]: Setting up trap for USR2
2014-02-17 17:43:19.793412 smpp_gateway(24999) [INFO] [daemon-kit]: Setting up trap for HUP
2014-02-17 17:43:19.793657 smpp_gateway(24999) [INFO] [daemon-kit]: Setting up trap for INT
2014-02-17 17:43:19.793892 smpp_gateway(24999) [INFO] [daemon-kit]: Setting up trap for TERM
2014-02-17 17:43:19.837359 smpp_gateway(24999) [INFO] [daemon-kit]: DaemonKit (0.2.3) booted, now running smpp_gateway
2014-02-17 17:43:19.987554 smpp_gateway(25007) [INFO] [daemon-kit]: Starting rufus-scheduler
2014-02-17 17:43:19.991022 smpp_gateway(24999) [DEBUG] [daemon-kit]: AMQP.start({:user=>"guest", :pass=>"guest", :host=>"localhost", :vhost=>"/"})
2014-02-17 17:45:06.837419 smpp_gateway(24999) [INFO] [daemon-kit]: Running signal traps for INT
2014-02-17 17:45:06.837357 smpp_gateway(25007) [INFO] [daemon-kit]: Running signal traps for INT
2014-02-17 17:45:06.838600 smpp_gateway(24999) [INFO] [daemon-kit]: Running shutdown hooks
2014-02-17 17:45:06.839248 smpp_gateway(24999) [WARN] [daemon-kit]: Shutting down smpp_gateway
2014-02-17 17:45:15.811281 smpp_gateway(25140) [INFO] [daemon-kit]: DaemonKit (0.2.3) booting in development mode
2014-02-17 17:45:15.812509 smpp_gateway(25140) [INFO] [daemon-kit]: Setting up trap for USR1
2014-02-17 17:45:15.812760 smpp_gateway(25140) [INFO] [daemon-kit]: Setting up trap for USR2
2014-02-17 17:45:15.812981 smpp_gateway(25140) [INFO] [daemon-kit]: Setting up trap for HUP
2014-02-17 17:45:15.813191 smpp_gateway(25140) [INFO] [daemon-kit]: Setting up trap for INT
2014-02-17 17:45:15.813384 smpp_gateway(25140) [INFO] [daemon-kit]: Setting up trap for TERM
2014-02-17 17:45:15.854606 smpp_gateway(25140) [INFO] [daemon-kit]: DaemonKit (0.2.3) booted, now running smpp_gateway
2014-02-17 17:45:15.932665 smpp_gateway(25149) [INFO] [daemon-kit]: Starting rufus-scheduler
2014-02-17 17:45:15.983677 smpp_gateway(25140) [DEBUG] [daemon-kit]: AMQP.start({:user=>"guest", :pass=>"guest", :host=>"localhost", :vhost=>"/"})
2014-02-17 17:45:52.917849 smpp_gateway(25140) [INFO] [daemon-kit]: Running signal traps for INT
2014-02-17 17:45:52.917786 smpp_gateway(25150) [INFO] [daemon-kit]: Running signal traps for INT
2014-02-17 17:45:52.918888 smpp_gateway(25140) [INFO] [daemon-kit]: Running shutdown hooks
2014-02-17 17:45:52.919433 smpp_gateway(25140) [WARN] [daemon-kit]: Shutting down smpp_gateway
2014-02-17 17:46:02.2665 smpp_gateway(25193) [INFO] [daemon-kit]: DaemonKit (0.2.3) booting in development mode
2014-02-17 17:46:02.3878 smpp_gateway(25193) [INFO] [daemon-kit]: Setting up trap for USR1
2014-02-17 17:46:02.4159 smpp_gateway(25193) [INFO] [daemon-kit]: Setting up trap for USR2
2014-02-17 17:46:02.4388 smpp_gateway(25193) [INFO] [daemon-kit]: Setting up trap for HUP
2014-02-17 17:46:02.4623 smpp_gateway(25193) [INFO] [daemon-kit]: Setting up trap for INT
2014-02-17 17:46:02.4841 smpp_gateway(25193) [INFO] [daemon-kit]: Setting up trap for TERM
2014-02-17 17:46:02.46102 smpp_gateway(25193) [INFO] [daemon-kit]: DaemonKit (0.2.3) booted, now running smpp_gateway
2014-02-17 17:46:02.106050 smpp_gateway(25201) [INFO] [daemon-kit]: Starting rufus-scheduler
2014-02-17 17:46:02.254540 smpp_gateway(25193) [DEBUG] [daemon-kit]: AMQP.start({:user=>"guest", :pass=>"guest", :host=>"localhost", :vhost=>"/"})
2014-02-17 18:04:54.42594 smpp_gateway(25193) [INFO] [daemon-kit]: Running signal traps for INT
2014-02-17 18:04:54.42616 smpp_gateway(25200) [INFO] [daemon-kit]: Running signal traps for INT
2014-02-17 18:04:54.42626 smpp_gateway(25202) [INFO] [daemon-kit]: Running signal traps for INT
2014-02-17 18:04:54.42587 smpp_gateway(25201) [INFO] [daemon-kit]: Running signal traps for INT
2014-02-17 18:04:54.43825 smpp_gateway(25193) [INFO] [daemon-kit]: Running shutdown hooks
2014-02-17 18:04:54.44323 smpp_gateway(25193) [WARN] [daemon-kit]: Shutting down smpp_gateway
2014-02-17 18:05:02.944352 smpp_gateway(26751) [INFO] [daemon-kit]: DaemonKit (0.2.3) booting in development mode
2014-02-17 18:05:02.945560 smpp_gateway(26751) [INFO] [daemon-kit]: Setting up trap for USR1
2014-02-17 18:05:02.945834 smpp_gateway(26751) [INFO] [daemon-kit]: Setting up trap for USR2
2014-02-17 18:05:02.946052 smpp_gateway(26751) [INFO] [daemon-kit]: Setting up trap for HUP
2014-02-17 18:05:02.946261 smpp_gateway(26751) [INFO] [daemon-kit]: Setting up trap for INT
2014-02-17 18:05:02.946450 smpp_gateway(26751) [INFO] [daemon-kit]: Setting up trap for TERM
2014-02-17 18:05:02.992195 smpp_gateway(26751) [INFO] [daemon-kit]: DaemonKit (0.2.3) booted, now running smpp_gateway
2014-02-17 18:05:03.40884 smpp_gateway(26759) [INFO] [daemon-kit]: Starting rufus-scheduler
2014-02-17 18:05:03.106368 smpp_gateway(26751) [DEBUG] [daemon-kit]: AMQP.start({:user=>"guest", :pass=>"guest", :host=>"localhost", :vhost=>"/"})
2014-02-17 18:06:11.341877 smpp_gateway(26751) [INFO] [daemon-kit]: Running signal traps for INT
2014-02-17 18:06:11.341788 smpp_gateway(26759) [INFO] [daemon-kit]: Running signal traps for INT
2014-02-17 18:06:11.341951 smpp_gateway(26760) [INFO] [daemon-kit]: Running signal traps for INT
2014-02-17 18:06:11.343252 smpp_gateway(26751) [INFO] [daemon-kit]: Running shutdown hooks
2014-02-17 18:06:11.344005 smpp_gateway(26751) [WARN] [daemon-kit]: Shutting down smpp_gateway
2014-02-17 18:06:20.132621 smpp_gateway(26847) [INFO] [daemon-kit]: DaemonKit (0.2.3) booting in development mode
2014-02-17 18:06:20.133782 smpp_gateway(26847) [INFO] [daemon-kit]: Setting up trap for USR1
2014-02-17 18:06:20.134032 smpp_gateway(26847) [INFO] [daemon-kit]: Setting up trap for USR2
2014-02-17 18:06:20.134245 smpp_gateway(26847) [INFO] [daemon-kit]: Setting up trap for HUP
2014-02-17 18:06:20.134451 smpp_gateway(26847) [INFO] [daemon-kit]: Setting up trap for INT
2014-02-17 18:06:20.134640 smpp_gateway(26847) [INFO] [daemon-kit]: Setting up trap for TERM
2014-02-17 18:06:20.175430 smpp_gateway(26847) [INFO] [daemon-kit]: DaemonKit (0.2.3) booted, now running smpp_gateway
2014-02-17 18:06:20.287442 smpp_gateway(26858) [INFO] [daemon-kit]: Starting rufus-scheduler
2014-02-17 18:06:20.329488 smpp_gateway(26847) [DEBUG] [daemon-kit]: AMQP.start({:user=>"guest", :pass=>"guest", :host=>"localhost", :vhost=>"/"})
2014-02-17 18:06:27.693447 smpp_gateway(26847) [DEBUG] channel_factory.rb:27: Received message type: 2 with 2 SMS
2014-02-17 18:06:44.563038 smpp_gateway(26847) [INFO] [daemon-kit]: Running signal traps for INT
2014-02-17 18:06:44.564050 smpp_gateway(26847) [INFO] [daemon-kit]: Running shutdown hooks
2014-02-17 18:06:44.564403 smpp_gateway(26847) [WARN] [daemon-kit]: Shutting down smpp_gateway
2014-02-17 18:06:53.377847 smpp_gateway(26890) [INFO] [daemon-kit]: DaemonKit (0.2.3) booting in development mode
2014-02-17 18:06:53.379053 smpp_gateway(26890) [INFO] [daemon-kit]: Setting up trap for USR1
2014-02-17 18:06:53.379345 smpp_gateway(26890) [INFO] [daemon-kit]: Setting up trap for USR2
2014-02-17 18:06:53.379583 smpp_gateway(26890) [INFO] [daemon-kit]: Setting up trap for HUP
2014-02-17 18:06:53.379840 smpp_gateway(26890) [INFO] [daemon-kit]: Setting up trap for INT
2014-02-17 18:06:53.380064 smpp_gateway(26890) [INFO] [daemon-kit]: Setting up trap for TERM
2014-02-17 18:06:53.423850 smpp_gateway(26890) [INFO] [daemon-kit]: DaemonKit (0.2.3) booted, now running smpp_gateway
2014-02-17 18:06:53.530028 smpp_gateway(26906) [INFO] [daemon-kit]: Starting rufus-scheduler
2014-02-17 18:06:53.580148 smpp_gateway(26890) [DEBUG] [daemon-kit]: AMQP.start({:user=>"guest", :pass=>"guest", :host=>"localhost", :vhost=>"/"})
2014-02-17 18:07:12.564051 smpp_gateway(26890) [INFO] [daemon-kit]: Running signal traps for INT
2014-02-17 18:07:12.565216 smpp_gateway(26890) [INFO] [daemon-kit]: Running shutdown hooks
2014-02-17 18:07:12.565785 smpp_gateway(26890) [WARN] [daemon-kit]: Shutting down smpp_gateway
2014-02-17 18:07:21.366554 smpp_gateway(26934) [INFO] [daemon-kit]: DaemonKit (0.2.3) booting in development mode
2014-02-17 18:07:21.367793 smpp_gateway(26934) [INFO] [daemon-kit]: Setting up trap for USR1
2014-02-17 18:07:21.368053 smpp_gateway(26934) [INFO] [daemon-kit]: Setting up trap for USR2
2014-02-17 18:07:21.368258 smpp_gateway(26934) [INFO] [daemon-kit]: Setting up trap for HUP
2014-02-17 18:07:21.368462 smpp_gateway(26934) [INFO] [daemon-kit]: Setting up trap for INT
2014-02-17 18:07:21.368650 smpp_gateway(26934) [INFO] [daemon-kit]: Setting up trap for TERM
2014-02-17 18:07:21.410352 smpp_gateway(26934) [INFO] [daemon-kit]: DaemonKit (0.2.3) booted, now running smpp_gateway
2014-02-17 18:07:21.483822 smpp_gateway(26946) [INFO] [daemon-kit]: Starting rufus-scheduler
2014-02-17 18:07:21.552583 smpp_gateway(26934) [DEBUG] [daemon-kit]: AMQP.start({:user=>"guest", :pass=>"guest", :host=>"localhost", :vhost=>"/"})
2014-02-17 18:08:32.388165 smpp_gateway(26934) [DEBUG] channel_factory.rb:27: Received message type: 2 with 2 SMS
2014-02-17 18:10:11.979800 smpp_gateway(26934) [INFO] [daemon-kit]: Running signal traps for INT
2014-02-17 18:10:11.980696 smpp_gateway(26934) [INFO] [daemon-kit]: Running shutdown hooks
2014-02-17 18:10:11.981061 smpp_gateway(26934) [WARN] [daemon-kit]: Shutting down smpp_gateway
2014-02-17 18:10:21.10325 smpp_gateway(27129) [INFO] [daemon-kit]: DaemonKit (0.2.3) booting in development mode
2014-02-17 18:10:21.11561 smpp_gateway(27129) [INFO] [daemon-kit]: Setting up trap for USR1
2014-02-17 18:10:21.11854 smpp_gateway(27129) [INFO] [daemon-kit]: Setting up trap for USR2
2014-02-17 18:10:21.12091 smpp_gateway(27129) [INFO] [daemon-kit]: Setting up trap for HUP
2014-02-17 18:10:21.12335 smpp_gateway(27129) [INFO] [daemon-kit]: Setting up trap for INT
2014-02-17 18:10:21.12559 smpp_gateway(27129) [INFO] [daemon-kit]: Setting up trap for TERM
2014-02-17 18:10:21.54585 smpp_gateway(27129) [INFO] [daemon-kit]: DaemonKit (0.2.3) booted, now running smpp_gateway
2014-02-17 18:10:21.189892 smpp_gateway(27137) [INFO] [daemon-kit]: Starting rufus-scheduler
2014-02-17 18:10:21.192468 smpp_gateway(27129) [DEBUG] [daemon-kit]: AMQP.start({:user=>"guest", :pass=>"guest", :host=>"localhost", :vhost=>"/"})
2014-02-17 18:10:52.828154 smpp_gateway(27129) [INFO] [daemon-kit]: Running signal traps for INT
2014-02-17 18:10:52.828152 smpp_gateway(27137) [INFO] [daemon-kit]: Running signal traps for INT
2014-02-17 18:10:52.829538 smpp_gateway(27129) [INFO] [daemon-kit]: Running shutdown hooks
2014-02-17 18:10:52.830399 smpp_gateway(27129) [WARN] [daemon-kit]: Shutting down smpp_gateway
2014-02-17 18:11:01.707242 smpp_gateway(27191) [INFO] [daemon-kit]: DaemonKit (0.2.3) booting in development mode
2014-02-17 18:11:01.708481 smpp_gateway(27191) [INFO] [daemon-kit]: Setting up trap for USR1
2014-02-17 18:11:01.708783 smpp_gateway(27191) [INFO] [daemon-kit]: Setting up trap for USR2
2014-02-17 18:11:01.709014 smpp_gateway(27191) [INFO] [daemon-kit]: Setting up trap for HUP
2014-02-17 18:11:01.709251 smpp_gateway(27191) [INFO] [daemon-kit]: Setting up trap for INT
2014-02-17 18:11:01.709470 smpp_gateway(27191) [INFO] [daemon-kit]: Setting up trap for TERM
2014-02-17 18:11:01.754771 smpp_gateway(27191) [INFO] [daemon-kit]: DaemonKit (0.2.3) booted, now running smpp_gateway
2014-02-17 18:11:01.789254 smpp_gateway(27199) [INFO] [daemon-kit]: Starting rufus-scheduler
2014-02-17 18:11:01.822641 smpp_gateway(27191) [DEBUG] [daemon-kit]: AMQP.start({:user=>"guest", :pass=>"guest", :host=>"localhost", :vhost=>"/"})
2014-02-17 18:11:06.986809 smpp_gateway(27191) [DEBUG] channel_factory.rb:27: Received message type: 2 with 2 SMS
2014-02-17 18:13:36.111537 smpp_gateway(27191) [INFO] [daemon-kit]: Running signal traps for INT
2014-02-17 18:13:36.111446 smpp_gateway(27200) [INFO] [daemon-kit]: Running signal traps for INT
2014-02-17 18:13:36.112686 smpp_gateway(27191) [INFO] [daemon-kit]: Running shutdown hooks
2014-02-17 18:13:36.113088 smpp_gateway(27191) [WARN] [daemon-kit]: Shutting down smpp_gateway
2014-02-17 18:13:45.71401 smpp_gateway(27374) [INFO] [daemon-kit]: DaemonKit (0.2.3) booting in development mode
2014-02-17 18:13:45.72709 smpp_gateway(27374) [INFO] [daemon-kit]: Setting up trap for USR1
2014-02-17 18:13:45.73026 smpp_gateway(27374) [INFO] [daemon-kit]: Setting up trap for USR2
2014-02-17 18:13:45.73288 smpp_gateway(27374) [INFO] [daemon-kit]: Setting up trap for HUP
2014-02-17 18:13:45.73554 smpp_gateway(27374) [INFO] [daemon-kit]: Setting up trap for INT
2014-02-17 18:13:45.73803 smpp_gateway(27374) [INFO] [daemon-kit]: Setting up trap for TERM
2014-02-17 18:13:45.114759 smpp_gateway(27374) [INFO] [daemon-kit]: DaemonKit (0.2.3) booted, now running smpp_gateway
2014-02-17 18:13:45.233113 smpp_gateway(27382) [INFO] [daemon-kit]: Starting rufus-scheduler
2014-02-17 18:13:45.235888 smpp_gateway(27374) [DEBUG] [daemon-kit]: AMQP.start({:user=>"guest", :pass=>"guest", :host=>"localhost", :vhost=>"/"})
2014-02-17 18:15:19.769446 smpp_gateway(27374) [INFO] [daemon-kit]: Running signal traps for INT
2014-02-17 18:15:19.769319 smpp_gateway(27382) [INFO] [daemon-kit]: Running signal traps for INT
2014-02-17 18:15:19.769356 smpp_gateway(27383) [INFO] [daemon-kit]: Running signal traps for INT
2014-02-17 18:15:19.769473 smpp_gateway(27381) [INFO] [daemon-kit]: Running signal traps for INT
2014-02-17 18:15:19.770763 smpp_gateway(27374) [INFO] [daemon-kit]: Running shutdown hooks
2014-02-17 18:15:19.771428 smpp_gateway(27374) [WARN] [daemon-kit]: Shutting down smpp_gateway
2014-02-17 18:15:28.858587 smpp_gateway(27498) [INFO] [daemon-kit]: DaemonKit (0.2.3) booting in development mode
2014-02-17 18:15:28.859827 smpp_gateway(27498) [INFO] [daemon-kit]: Setting up trap for USR1
2014-02-17 18:15:28.860109 smpp_gateway(27498) [INFO] [daemon-kit]: Setting up trap for USR2
2014-02-17 18:15:28.860337 smpp_gateway(27498) [INFO] [daemon-kit]: Setting up trap for HUP
2014-02-17 18:15:28.860576 smpp_gateway(27498) [INFO] [daemon-kit]: Setting up trap for INT
2014-02-17 18:15:28.860792 smpp_gateway(27498) [INFO] [daemon-kit]: Setting up trap for TERM
2014-02-17 18:15:28.903415 smpp_gateway(27498) [INFO] [daemon-kit]: DaemonKit (0.2.3) booted, now running smpp_gateway
2014-02-17 18:15:29.45923 smpp_gateway(27509) [INFO] [daemon-kit]: Starting rufus-scheduler
2014-02-17 18:15:29.48711 smpp_gateway(27498) [DEBUG] [daemon-kit]: AMQP.start({:user=>"guest", :pass=>"guest", :host=>"localhost", :vhost=>"/"})
2014-02-17 18:15:30.587290 smpp_gateway(27498) [DEBUG] channel_factory.rb:27: Received message type: 2 with 2 SMS
2014-02-17 18:21:18.60316 smpp_gateway(27498) [INFO] [daemon-kit]: Running signal traps for INT
2014-02-17 18:21:18.60340 smpp_gateway(27509) [INFO] [daemon-kit]: Running signal traps for INT
2014-02-17 18:21:18.61558 smpp_gateway(27498) [INFO] [daemon-kit]: Running shutdown hooks
2014-02-17 18:21:18.62138 smpp_gateway(27498) [WARN] [daemon-kit]: Shutting down smpp_gateway
2014-02-17 23:53:38.367053 smpp_gateway(5708) [INFO] [daemon-kit]: DaemonKit (0.2.3) booting in development mode
2014-02-17 23:53:38.369509 smpp_gateway(5708) [INFO] [daemon-kit]: Setting up trap for USR1
2014-02-17 23:53:38.369950 smpp_gateway(5708) [INFO] [daemon-kit]: Setting up trap for USR2
2014-02-17 23:53:38.370304 smpp_gateway(5708) [INFO] [daemon-kit]: Setting up trap for HUP
2014-02-17 23:53:38.370675 smpp_gateway(5708) [INFO] [daemon-kit]: Setting up trap for INT
2014-02-17 23:53:38.371012 smpp_gateway(5708) [INFO] [daemon-kit]: Setting up trap for TERM
2014-02-17 23:53:38.408478 smpp_gateway(5708) [INFO] [daemon-kit]: DaemonKit (0.2.3) booted, now running smpp_gateway
2014-02-17 23:53:38.476959 smpp_gateway(5708) [DEBUG] [daemon-kit]: AMQP.start({:user=>"guest", :pass=>"guest", :host=>"localhost", :vhost=>"/"})
2014-02-17 23:53:38.482088 smpp_gateway(5716) [INFO] [daemon-kit]: Starting rufus-scheduler
2014-02-17 23:55:39.764623 smpp_gateway(5708) [INFO] [daemon-kit]: Running signal traps for INT
2014-02-17 23:55:39.764605 smpp_gateway(5716) [INFO] [daemon-kit]: Running signal traps for INT
2014-02-17 23:55:39.764663 smpp_gateway(5717) [INFO] [daemon-kit]: Running signal traps for INT
2014-02-17 23:55:39.766071 smpp_gateway(5708) [INFO] [daemon-kit]: Running shutdown hooks
2014-02-17 23:55:39.767271 smpp_gateway(5708) [WARN] [daemon-kit]: Shutting down smpp_gateway
2014-03-02 23:57:31.307640 smpp_gateway(38028) [INFO] [daemon-kit]: DaemonKit (0.2.3) booting in development mode
2014-03-02 23:57:31.308863 smpp_gateway(38028) [INFO] [daemon-kit]: Setting up trap for USR1
2014-03-02 23:57:31.309185 smpp_gateway(38028) [INFO] [daemon-kit]: Setting up trap for USR2
2014-03-02 23:57:31.309446 smpp_gateway(38028) [INFO] [daemon-kit]: Setting up trap for HUP
2014-03-02 23:57:31.309719 smpp_gateway(38028) [INFO] [daemon-kit]: Setting up trap for INT
2014-03-02 23:57:31.309972 smpp_gateway(38028) [INFO] [daemon-kit]: Setting up trap for TERM
2014-03-02 23:57:31.341458 smpp_gateway(38028) [INFO] [daemon-kit]: Running shutdown hooks
2014-03-02 23:57:31.341659 smpp_gateway(38028) [WARN] [daemon-kit]: Shutting down smpp_gateway
2014-03-02 23:58:35.153001 smpp_gateway(38121) [INFO] [daemon-kit]: DaemonKit (0.2.3) booting in development mode
2014-03-02 23:58:35.154180 smpp_gateway(38121) [INFO] [daemon-kit]: Setting up trap for USR1
2014-03-02 23:58:35.154435 smpp_gateway(38121) [INFO] [daemon-kit]: Setting up trap for USR2
2014-03-02 23:58:35.154631 smpp_gateway(38121) [INFO] [daemon-kit]: Setting up trap for HUP
2014-03-02 23:58:35.154835 smpp_gateway(38121) [INFO] [daemon-kit]: Setting up trap for INT
2014-03-02 23:58:35.155021 smpp_gateway(38121) [INFO] [daemon-kit]: Setting up trap for TERM
2014-03-02 23:58:35.200668 smpp_gateway(38121) [INFO] [daemon-kit]: DaemonKit (0.2.3) booted, now running smpp_gateway
2014-03-02 23:58:35.243004 smpp_gateway(38133) [INFO] [daemon-kit]: Running shutdown hooks
2014-03-02 23:58:35.243751 smpp_gateway(38133) [WARN] [daemon-kit]: Shutting down smpp_gateway
2014-03-02 23:58:35.266929 smpp_gateway(38135) [INFO] [daemon-kit]: Running shutdown hooks
2014-03-02 23:58:35.267725 smpp_gateway(38121) [DEBUG] [daemon-kit]: AMQP.start({:user=>"guest", :pass=>"guest", :host=>"localhost", :vhost=>"/"})
2014-03-02 23:58:35.267885 smpp_gateway(38135) [WARN] [daemon-kit]: Shutting down smpp_gateway
2014-03-02 23:58:35.274365 smpp_gateway(38134) [INFO] [daemon-kit]: Starting rufus-scheduler
2014-03-02 23:58:52.563191 smpp_gateway(38121) [INFO] [daemon-kit]: Running signal traps for INT
2014-03-02 23:58:52.563213 smpp_gateway(38134) [INFO] [daemon-kit]: Running signal traps for INT
2014-03-02 23:58:52.564319 smpp_gateway(38121) [INFO] [daemon-kit]: Running shutdown hooks
2014-03-02 23:58:52.564744 smpp_gateway(38121) [WARN] [daemon-kit]: Shutting down smpp_gateway
2014-03-03 00:00:32.633140 smpp_gateway(38229) [INFO] [daemon-kit]: DaemonKit (0.2.3) booting in development mode
2014-03-03 00:00:32.634271 smpp_gateway(38229) [INFO] [daemon-kit]: Setting up trap for USR1
2014-03-03 00:00:32.634569 smpp_gateway(38229) [INFO] [daemon-kit]: Setting up trap for USR2
2014-03-03 00:00:32.634785 smpp_gateway(38229) [INFO] [daemon-kit]: Setting up trap for HUP
2014-03-03 00:00:32.635008 smpp_gateway(38229) [INFO] [daemon-kit]: Setting up trap for INT
2014-03-03 00:00:32.635196 smpp_gateway(38229) [INFO] [daemon-kit]: Setting up trap for TERM
2014-03-03 00:00:32.670102 smpp_gateway(38229) [INFO] [daemon-kit]: DaemonKit (0.2.3) booted, now running smpp_gateway
2014-03-03 00:00:32.717363 smpp_gateway(38243) [INFO] [daemon-kit]: Running shutdown hooks
2014-03-03 00:00:32.718167 smpp_gateway(38243) [WARN] [daemon-kit]: Shutting down smpp_gateway
2014-03-03 00:00:32.734095 smpp_gateway(38229) [DEBUG] [daemon-kit]: AMQP.start({:user=>"guest", :pass=>"guest", :host=>"localhost", :vhost=>"/"})
2014-03-03 00:00:32.739570 smpp_gateway(38244) [INFO] [daemon-kit]: Starting rufus-scheduler
2014-03-03 00:00:32.741499 smpp_gateway(38245) [INFO] [daemon-kit]: Running shutdown hooks
2014-03-03 00:00:32.742552 smpp_gateway(38245) [WARN] [daemon-kit]: Shutting down smpp_gateway
2014-03-03 00:01:48.188997 smpp_gateway(38229) [INFO] [daemon-kit]: Running signal traps for INT
2014-03-03 00:01:48.189014 smpp_gateway(38244) [INFO] [daemon-kit]: Running signal traps for INT
2014-03-03 00:01:48.189119 smpp_gateway(38243) [INFO] [daemon-kit]: Running signal traps for INT
2014-03-03 00:01:48.189120 smpp_gateway(38245) [INFO] [daemon-kit]: Running signal traps for INT
2014-03-03 00:01:48.189834 smpp_gateway(38229) [INFO] [daemon-kit]: Running shutdown hooks
2014-03-03 00:01:48.190068 smpp_gateway(38229) [WARN] [daemon-kit]: Shutting down smpp_gateway
2014-03-03 00:01:56.314281 smpp_gateway(38337) [INFO] [daemon-kit]: DaemonKit (0.2.3) booting in development mode
2014-03-03 00:01:56.315361 smpp_gateway(38337) [INFO] [daemon-kit]: Setting up trap for USR1
2014-03-03 00:01:56.315614 smpp_gateway(38337) [INFO] [daemon-kit]: Setting up trap for USR2
2014-03-03 00:01:56.315831 smpp_gateway(38337) [INFO] [daemon-kit]: Setting up trap for HUP
2014-03-03 00:01:56.316035 smpp_gateway(38337) [INFO] [daemon-kit]: Setting up trap for INT
2014-03-03 00:01:56.316224 smpp_gateway(38337) [INFO] [daemon-kit]: Setting up trap for TERM
2014-03-03 00:01:56.356757 smpp_gateway(38337) [INFO] [daemon-kit]: DaemonKit (0.2.3) booted, now running smpp_gateway
2014-03-03 00:01:56.381063 smpp_gateway(38346) [INFO] [daemon-kit]: Running shutdown hooks
2014-03-03 00:01:56.381844 smpp_gateway(38346) [WARN] [daemon-kit]: Shutting down smpp_gateway
2014-03-03 00:01:56.425695 smpp_gateway(38347) [INFO] [daemon-kit]: Starting rufus-scheduler
2014-03-03 00:01:56.436666 smpp_gateway(38337) [DEBUG] [daemon-kit]: AMQP.start({:user=>"guest", :pass=>"guest", :host=>"localhost", :vhost=>"/"})
2014-03-03 00:01:56.448187 smpp_gateway(38348) [INFO] [daemon-kit]: Running shutdown hooks
2014-03-03 00:01:56.448718 smpp_gateway(38348) [WARN] [daemon-kit]: Shutting down smpp_gateway
2014-03-03 00:02:26.103342 smpp_gateway(38337) [INFO] [daemon-kit]: Running signal traps for INT
2014-03-03 00:02:26.103288 smpp_gateway(38347) [INFO] [daemon-kit]: Running signal traps for INT
2014-03-03 00:02:26.103400 smpp_gateway(38348) [INFO] [daemon-kit]: Running signal traps for INT
2014-03-03 00:02:26.103547 smpp_gateway(38346) [INFO] [daemon-kit]: Running signal traps for INT
2014-03-03 00:02:26.104696 smpp_gateway(38337) [INFO] [daemon-kit]: Running shutdown hooks
2014-03-03 00:02:26.105219 smpp_gateway(38337) [WARN] [daemon-kit]: Shutting down smpp_gateway
2014-03-03 00:06:24.769181 smpp_gateway(38579) [INFO] [daemon-kit]: DaemonKit (0.2.3) booting in development mode
2014-03-03 00:06:24.770292 smpp_gateway(38579) [INFO] [daemon-kit]: Setting up trap for USR1
2014-03-03 00:06:24.770557 smpp_gateway(38579) [INFO] [daemon-kit]: Setting up trap for USR2
2014-03-03 00:06:24.770781 smpp_gateway(38579) [INFO] [daemon-kit]: Setting up trap for HUP
2014-03-03 00:06:24.770990 smpp_gateway(38579) [INFO] [daemon-kit]: Setting up trap for INT
2014-03-03 00:06:24.771177 smpp_gateway(38579) [INFO] [daemon-kit]: Setting up trap for TERM
2014-03-03 00:06:24.814957 smpp_gateway(38579) [INFO] [daemon-kit]: DaemonKit (0.2.3) booted, now running smpp_gateway
2014-03-03 00:06:24.846969 smpp_gateway(38590) [INFO] [daemon-kit]: Running shutdown hooks
2014-03-03 00:06:24.847774 smpp_gateway(38590) [WARN] [daemon-kit]: Shutting down smpp_gateway
2014-03-03 00:06:24.883008 smpp_gateway(38579) [DEBUG] [daemon-kit]: AMQP.start({:user=>"guest", :pass=>"guest", :host=>"localhost", :vhost=>"/"})
2014-03-03 00:06:24.895333 smpp_gateway(38591) [INFO] [daemon-kit]: Starting rufus-scheduler
2014-03-03 00:06:24.895557 smpp_gateway(38592) [INFO] [daemon-kit]: Running shutdown hooks
2014-03-03 00:06:24.896044 smpp_gateway(38592) [WARN] [daemon-kit]: Shutting down smpp_gateway
2014-03-03 00:06:57.974211 smpp_gateway(38579) [INFO] [daemon-kit]: Running signal traps for INT
2014-03-03 00:06:57.975283 smpp_gateway(38579) [INFO] [daemon-kit]: Running shutdown hooks
2014-03-03 00:06:57.975652 smpp_gateway(38579) [WARN] [daemon-kit]: Shutting down smpp_gateway
2014-03-03 00:07:05.67438 smpp_gateway(38648) [INFO] [daemon-kit]: DaemonKit (0.2.3) booting in development mode
2014-03-03 00:07:05.68442 smpp_gateway(38648) [INFO] [daemon-kit]: Setting up trap for USR1
2014-03-03 00:07:05.68710 smpp_gateway(38648) [INFO] [daemon-kit]: Setting up trap for USR2
2014-03-03 00:07:05.68934 smpp_gateway(38648) [INFO] [daemon-kit]: Setting up trap for HUP
2014-03-03 00:07:05.69137 smpp_gateway(38648) [INFO] [daemon-kit]: Setting up trap for INT
2014-03-03 00:07:05.69319 smpp_gateway(38648) [INFO] [daemon-kit]: Setting up trap for TERM
2014-03-03 00:07:05.120103 smpp_gateway(38648) [INFO] [daemon-kit]: DaemonKit (0.2.3) booted, now running smpp_gateway
2014-03-03 00:07:05.162433 smpp_gateway(38659) [INFO] [daemon-kit]: Running shutdown hooks
2014-03-03 00:07:05.163193 smpp_gateway(38659) [WARN] [daemon-kit]: Shutting down smpp_gateway
2014-03-03 00:07:05.180047 smpp_gateway(38648) [DEBUG] [daemon-kit]: AMQP.start({:user=>"guest", :pass=>"guest", :host=>"localhost", :vhost=>"/"})
2014-03-03 00:07:05.183905 smpp_gateway(38660) [INFO] [daemon-kit]: Starting rufus-scheduler
2014-03-03 00:09:22.709647 smpp_gateway(38648) [INFO] [daemon-kit]: Running signal traps for INT
2014-03-03 00:09:22.709529 smpp_gateway(38660) [INFO] [daemon-kit]: Running signal traps for INT
2014-03-03 00:09:22.710844 smpp_gateway(38648) [INFO] [daemon-kit]: Running shutdown hooks
2014-03-03 00:09:22.711339 smpp_gateway(38648) [WARN] [daemon-kit]: Shutting down smpp_gateway
2014-03-03 00:09:30.463808 smpp_gateway(38798) [INFO] [daemon-kit]: DaemonKit (0.2.3) booting in development mode
2014-03-03 00:09:30.464769 smpp_gateway(38798) [INFO] [daemon-kit]: Setting up trap for USR1
2014-03-03 00:09:30.465015 smpp_gateway(38798) [INFO] [daemon-kit]: Setting up trap for USR2
2014-03-03 00:09:30.465223 smpp_gateway(38798) [INFO] [daemon-kit]: Setting up trap for HUP
2014-03-03 00:09:30.465423 smpp_gateway(38798) [INFO] [daemon-kit]: Setting up trap for INT
2014-03-03 00:09:30.465606 smpp_gateway(38798) [INFO] [daemon-kit]: Setting up trap for TERM
2014-03-03 00:09:30.510309 smpp_gateway(38798) [INFO] [daemon-kit]: DaemonKit (0.2.3) booted, now running smpp_gateway
2014-03-03 00:09:30.575541 smpp_gateway(38808) [INFO] [daemon-kit]: Starting rufus-scheduler
2014-03-03 00:09:30.719577 smpp_gateway(38798) [DEBUG] [daemon-kit]: AMQP.start({:user=>"guest", :pass=>"guest", :host=>"localhost", :vhost=>"/"})
2014-03-03 00:14:22.904666 smpp_gateway(38798) [INFO] [daemon-kit]: Running signal traps for INT
2014-03-03 00:14:22.904711 smpp_gateway(38808) [INFO] [daemon-kit]: Running signal traps for INT
2014-03-03 00:14:22.905662 smpp_gateway(38798) [INFO] [daemon-kit]: Running shutdown hooks
2014-03-03 00:14:22.906149 smpp_gateway(38798) [WARN] [daemon-kit]: Shutting down smpp_gateway
2014-07-20 23:56:06.733534 smpp_gateway(96945) [INFO] [daemon-kit]: DaemonKit (0.2.3) booting in development mode
2014-07-20 23:56:06.734409 smpp_gateway(96945) [INFO] [daemon-kit]: Setting up trap for USR1
2014-07-20 23:56:06.734656 smpp_gateway(96945) [INFO] [daemon-kit]: Setting up trap for USR2
2014-07-20 23:56:06.734859 smpp_gateway(96945) [INFO] [daemon-kit]: Setting up trap for HUP
2014-07-20 23:56:06.735045 smpp_gateway(96945) [INFO] [daemon-kit]: Setting up trap for INT
2014-07-20 23:56:06.735215 smpp_gateway(96945) [INFO] [daemon-kit]: Setting up trap for TERM
2014-07-20 23:56:06.761569 smpp_gateway(96945) [INFO] [daemon-kit]: Running shutdown hooks
2014-07-20 23:56:06.761756 smpp_gateway(96945) [WARN] [daemon-kit]: Shutting down smpp_gateway
2014-07-20 23:56:43.250231 smpp_gateway(97038) [INFO] [daemon-kit]: DaemonKit (0.2.3) booting in development mode
2014-07-20 23:56:43.251005 smpp_gateway(97038) [INFO] [daemon-kit]: Setting up trap for USR1
2014-07-20 23:56:43.251190 smpp_gateway(97038) [INFO] [daemon-kit]: Setting up trap for USR2
2014-07-20 23:56:43.251329 smpp_gateway(97038) [INFO] [daemon-kit]: Setting up trap for HUP
2014-07-20 23:56:43.251496 smpp_gateway(97038) [INFO] [daemon-kit]: Setting up trap for INT
2014-07-20 23:56:43.251628 smpp_gateway(97038) [INFO] [daemon-kit]: Setting up trap for TERM
2014-07-20 23:56:43.267051 smpp_gateway(97038) [INFO] [daemon-kit]: Running shutdown hooks
2014-07-20 23:56:43.267235 smpp_gateway(97038) [WARN] [daemon-kit]: Shutting down smpp_gateway
2014-07-21 00:00:31.148476 smpp_gateway(97433) [INFO] [daemon-kit]: DaemonKit (0.2.3) booting in development mode
2014-07-21 00:00:31.149611 smpp_gateway(97433) [INFO] [daemon-kit]: Setting up trap for USR1
2014-07-21 00:00:31.149885 smpp_gateway(97433) [INFO] [daemon-kit]: Setting up trap for USR2
2014-07-21 00:00:31.150071 smpp_gateway(97433) [INFO] [daemon-kit]: Setting up trap for HUP
2014-07-21 00:00:31.150249 smpp_gateway(97433) [INFO] [daemon-kit]: Setting up trap for INT
2014-07-21 00:00:31.150403 smpp_gateway(97433) [INFO] [daemon-kit]: Setting up trap for TERM
2014-07-21 00:00:31.170213 smpp_gateway(97433) [INFO] [daemon-kit]: Running shutdown hooks
2014-07-21 00:00:31.170401 smpp_gateway(97433) [WARN] [daemon-kit]: Shutting down smpp_gateway
2014-07-21 00:03:56.900891 smpp_gateway(98080) [INFO] [daemon-kit]: DaemonKit (0.2.3) booting in development mode
2014-07-21 00:03:56.901681 smpp_gateway(98080) [INFO] [daemon-kit]: Setting up trap for USR1
2014-07-21 00:03:56.901871 smpp_gateway(98080) [INFO] [daemon-kit]: Setting up trap for USR2
2014-07-21 00:03:56.902013 smpp_gateway(98080) [INFO] [daemon-kit]: Setting up trap for HUP
2014-07-21 00:03:56.902166 smpp_gateway(98080) [INFO] [daemon-kit]: Setting up trap for INT
2014-07-21 00:03:56.902312 smpp_gateway(98080) [INFO] [daemon-kit]: Setting up trap for TERM
2014-07-21 00:03:56.929853 smpp_gateway(98080) [INFO] [daemon-kit]: DaemonKit (0.2.3) booted, now running smpp_gateway
2014-07-21 00:03:56.956503 smpp_gateway(98080) [DEBUG] [daemon-kit]: AMQP.start({:user=>"guest", :pass=>"guest", :host=>"localhost", :vhost=>"/"})
2014-07-21 00:03:56.968084 smpp_gateway(98092) [INFO] [daemon-kit]: Starting rufus-scheduler
2014-07-21 00:05:39.397945 smpp_gateway(98080) [INFO] [daemon-kit]: Running signal traps for INT
2014-07-21 00:05:39.398472 smpp_gateway(98080) [INFO] [daemon-kit]: Running shutdown hooks
2014-07-21 00:05:39.398682 smpp_gateway(98080) [WARN] [daemon-kit]: Shutting down smpp_gateway
2014-07-25 08:39:52.898995 smpp_gateway(44938) [INFO] [daemon-kit]: DaemonKit (0.2.3) booting in development mode
2014-07-25 08:39:52.900627 smpp_gateway(44938) [INFO] [daemon-kit]: Setting up trap for USR1
2014-07-25 08:39:52.900902 smpp_gateway(44938) [INFO] [daemon-kit]: Setting up trap for USR2
2014-07-25 08:39:52.901081 smpp_gateway(44938) [INFO] [daemon-kit]: Setting up trap for HUP
2014-07-25 08:39:52.901263 smpp_gateway(44938) [INFO] [daemon-kit]: Setting up trap for INT
2014-07-25 08:39:52.901425 smpp_gateway(44938) [INFO] [daemon-kit]: Setting up trap for TERM
2014-07-25 08:39:52.933517 smpp_gateway(44938) [INFO] [daemon-kit]: DaemonKit (0.2.3) booted, now running smpp_gateway
2014-07-25 08:39:52.943457 smpp_gateway(44938) [DEBUG] [daemon-kit]: AMQP.start({:user=>"guest", :pass=>"guest", :host=>"localhost", :vhost=>"/"})
2014-07-25 08:39:52.946264 smpp_gateway(44945) [INFO] [daemon-kit]: Starting rufus-scheduler
2014-07-25 08:39:55.726890 smpp_gateway(44938) [INFO] [daemon-kit]: Running shutdown hooks
2014-07-25 08:39:55.727100 smpp_gateway(44938) [WARN] [daemon-kit]: Shutting down smpp_gateway
2014-07-25 08:41:26.358031 smpp_gateway(45720) [INFO] [daemon-kit]: DaemonKit (0.2.3) booting in development mode
2014-07-25 08:41:26.358797 smpp_gateway(45720) [INFO] [daemon-kit]: Setting up trap for USR1
2014-07-25 08:41:26.358972 smpp_gateway(45720) [INFO] [daemon-kit]: Setting up trap for USR2
2014-07-25 08:41:26.359097 smpp_gateway(45720) [INFO] [daemon-kit]: Setting up trap for HUP
2014-07-25 08:41:26.359229 smpp_gateway(45720) [INFO] [daemon-kit]: Setting up trap for INT
2014-07-25 08:41:26.359345 smpp_gateway(45720) [INFO] [daemon-kit]: Setting up trap for TERM
2014-07-25 08:41:26.385170 smpp_gateway(45720) [INFO] [daemon-kit]: DaemonKit (0.2.3) booted, now running smpp_gateway
2014-07-25 08:41:26.417296 smpp_gateway(45731) [INFO] [daemon-kit]: Starting rufus-scheduler
2014-07-25 08:41:26.432555 smpp_gateway(45720) [DEBUG] [daemon-kit]: AMQP.start({:user=>"guest", :pass=>"guest", :host=>"localhost", :vhost=>"/"})
2014-07-25 08:41:26.434092 smpp_gateway(45730) [INFO] [daemon-kit]: Running shutdown hooks
2014-07-25 08:41:26.434700 smpp_gateway(45730) [WARN] [daemon-kit]: Shutting down smpp_gateway
2014-07-25 08:41:26.454507 smpp_gateway(45732) [INFO] [daemon-kit]: Running shutdown hooks
2014-07-25 08:41:26.454980 smpp_gateway(45732) [WARN] [daemon-kit]: Shutting down smpp_gateway
2014-07-25 08:42:56.141141 smpp_gateway(45720) [INFO] [daemon-kit]: Running signal traps for INT
2014-07-25 08:42:56.141190 smpp_gateway(45731) [INFO] [daemon-kit]: Running signal traps for INT
2014-07-25 08:42:56.141219 smpp_gateway(45732) [INFO] [daemon-kit]: Running signal traps for INT
2014-07-25 08:42:56.141188 smpp_gateway(45730) [INFO] [daemon-kit]: Running signal traps for INT
2014-07-25 08:42:56.141768 smpp_gateway(45720) [INFO] [daemon-kit]: Running shutdown hooks
2014-07-25 08:42:56.142096 smpp_gateway(45720) [WARN] [daemon-kit]: Shutting down smpp_gateway
2014-07-25 08:43:02.49812 smpp_gateway(45876) [INFO] [daemon-kit]: DaemonKit (0.2.3) booting in development mode
2014-07-25 08:43:02.50575 smpp_gateway(45876) [INFO] [daemon-kit]: Setting up trap for USR1
2014-07-25 08:43:02.50747 smpp_gateway(45876) [INFO] [daemon-kit]: Setting up trap for USR2
2014-07-25 08:43:02.50875 smpp_gateway(45876) [INFO] [daemon-kit]: Setting up trap for HUP
2014-07-25 08:43:02.51021 smpp_gateway(45876) [INFO] [daemon-kit]: Setting up trap for INT
2014-07-25 08:43:02.51152 smpp_gateway(45876) [INFO] [daemon-kit]: Setting up trap for TERM
2014-07-25 08:43:02.74824 smpp_gateway(45876) [INFO] [daemon-kit]: DaemonKit (0.2.3) booted, now running smpp_gateway
2014-07-25 08:43:02.116146 smpp_gateway(45886) [INFO] [daemon-kit]: Running shutdown hooks
2014-07-25 08:43:02.116426 smpp_gateway(45886) [WARN] [daemon-kit]: Shutting down smpp_gateway
2014-07-25 08:43:02.157352 smpp_gateway(45887) [INFO] [daemon-kit]: Starting rufus-scheduler
2014-07-25 08:43:02.159554 smpp_gateway(45876) [DEBUG] [daemon-kit]: AMQP.start({:user=>"guest", :pass=>"guest", :host=>"localhost", :vhost=>"/"})
2014-07-25 08:43:02.198434 smpp_gateway(45888) [INFO] [daemon-kit]: Running shutdown hooks
2014-07-25 08:43:02.198750 smpp_gateway(45888) [WARN] [daemon-kit]: Shutting down smpp_gateway
2014-07-25 08:44:42.610251 smpp_gateway(45876) [INFO] [daemon-kit]: Running signal traps for INT
2014-07-25 08:44:42.610205 smpp_gateway(45887) [INFO] [daemon-kit]: Running signal traps for INT
2014-07-25 08:44:42.610205 smpp_gateway(45886) [INFO] [daemon-kit]: Running signal traps for INT
2014-07-25 08:44:42.610250 smpp_gateway(45888) [INFO] [daemon-kit]: Running signal traps for INT
2014-07-25 08:44:42.610937 smpp_gateway(45876) [INFO] [daemon-kit]: Running shutdown hooks
2014-07-25 08:44:42.611141 smpp_gateway(45876) [WARN] [daemon-kit]: Shutting down smpp_gateway
2014-07-25 08:44:48.173181 smpp_gateway(46086) [INFO] [daemon-kit]: DaemonKit (0.2.3) booting in development mode
2014-07-25 08:44:48.173883 smpp_gateway(46086) [INFO] [daemon-kit]: Setting up trap for USR1
2014-07-25 08:44:48.174045 smpp_gateway(46086) [INFO] [daemon-kit]: Setting up trap for USR2
2014-07-25 08:44:48.174183 smpp_gateway(46086) [INFO] [daemon-kit]: Setting up trap for HUP
2014-07-25 08:44:48.174323 smpp_gateway(46086) [INFO] [daemon-kit]: Setting up trap for INT
2014-07-25 08:44:48.174451 smpp_gateway(46086) [INFO] [daemon-kit]: Setting up trap for TERM
2014-07-25 08:44:48.198142 smpp_gateway(46086) [INFO] [daemon-kit]: DaemonKit (0.2.3) booted, now running smpp_gateway
2014-07-25 08:44:48.274233 smpp_gateway(46099) [INFO] [daemon-kit]: Starting rufus-scheduler
2014-07-25 08:44:48.278719 smpp_gateway(46098) [INFO] [daemon-kit]: Running shutdown hooks
2014-07-25 08:44:48.279155 smpp_gateway(46098) [WARN] [daemon-kit]: Shutting down smpp_gateway
2014-07-25 08:44:48.299461 smpp_gateway(46086) [DEBUG] [daemon-kit]: AMQP.start({:user=>"guest", :pass=>"guest", :host=>"localhost", :vhost=>"/"})
2014-07-25 08:44:48.321879 smpp_gateway(46100) [INFO] [daemon-kit]: Running shutdown hooks
2014-07-25 08:44:48.322207 smpp_gateway(46100) [WARN] [daemon-kit]: Shutting down smpp_gateway
2014-07-25 08:45:48.548797 smpp_gateway(46099) [DEBUG] smpp_gateway-daemon.rb:35: Scheduled task completed at 2014-07-25 08:45:48 -0400
2014-07-25 08:46:48.487786 smpp_gateway(46099) [DEBUG] smpp_gateway-daemon.rb:35: Scheduled task completed at 2014-07-25 08:46:48 -0400
2014-07-25 08:47:15.194449 smpp_gateway(46086) [INFO] [daemon-kit]: Running signal traps for INT
2014-07-25 08:47:15.194369 smpp_gateway(46099) [INFO] [daemon-kit]: Running signal traps for INT
2014-07-25 08:47:15.194440 smpp_gateway(46098) [INFO] [daemon-kit]: Running signal traps for INT
2014-07-25 08:47:15.194467 smpp_gateway(46100) [INFO] [daemon-kit]: Running signal traps for INT
2014-07-25 08:47:15.195163 smpp_gateway(46086) [INFO] [daemon-kit]: Running shutdown hooks
2014-07-25 08:47:15.195464 smpp_gateway(46086) [WARN] [daemon-kit]: Shutting down smpp_gateway
2014-07-25 08:47:42.840752 smpp_gateway(46316) [INFO] [daemon-kit]: DaemonKit (0.2.3) booting in development mode
2014-07-25 08:47:42.841494 smpp_gateway(46316) [INFO] [daemon-kit]: Setting up trap for USR1
2014-07-25 08:47:42.841660 smpp_gateway(46316) [INFO] [daemon-kit]: Setting up trap for USR2
2014-07-25 08:47:42.841800 smpp_gateway(46316) [INFO] [daemon-kit]: Setting up trap for HUP
2014-07-25 08:47:42.841944 smpp_gateway(46316) [INFO] [daemon-kit]: Setting up trap for INT
2014-07-25 08:47:42.842076 smpp_gateway(46316) [INFO] [daemon-kit]: Setting up trap for TERM
2014-07-25 08:47:42.865890 smpp_gateway(46316) [INFO] [daemon-kit]: DaemonKit (0.2.3) booted, now running smpp_gateway
2014-07-25 08:47:42.922823 smpp_gateway(46327) [INFO] [daemon-kit]: Starting rufus-scheduler
2014-07-25 08:47:42.934253 smpp_gateway(46326) [INFO] [daemon-kit]: Running shutdown hooks
2014-07-25 08:47:42.934712 smpp_gateway(46326) [WARN] [daemon-kit]: Shutting down smpp_gateway
2014-07-25 08:47:42.939482 smpp_gateway(46316) [DEBUG] [daemon-kit]: AMQP.start({:user=>"guest", :pass=>"guest", :host=>"localhost", :vhost=>"/"})
2014-07-25 08:47:42.960751 smpp_gateway(46328) [INFO] [daemon-kit]: Running shutdown hooks
2014-07-25 08:47:42.961087 smpp_gateway(46328) [WARN] [daemon-kit]: Shutting down smpp_gateway
2014-07-25 08:47:46.671639 smpp_gateway(46316) [INFO] [daemon-kit]: Running signal traps for INT
2014-07-25 08:47:46.671611 smpp_gateway(46328) [INFO] [daemon-kit]: Running signal traps for INT
2014-07-25 08:47:46.671711 smpp_gateway(46326) [INFO] [daemon-kit]: Running signal traps for INT
2014-07-25 08:47:46.671612 smpp_gateway(46327) [INFO] [daemon-kit]: Running signal traps for INT
2014-07-25 08:47:46.672206 smpp_gateway(46316) [INFO] [daemon-kit]: Running shutdown hooks
2014-07-25 08:47:46.672415 smpp_gateway(46316) [WARN] [daemon-kit]: Shutting down smpp_gateway
2014-07-25 08:48:06.220187 smpp_gateway(46406) [INFO] [daemon-kit]: DaemonKit (0.2.3) booting in development mode
2014-07-25 08:48:06.220944 smpp_gateway(46406) [INFO] [daemon-kit]: Setting up trap for USR1
2014-07-25 08:48:06.221126 smpp_gateway(46406) [INFO] [daemon-kit]: Setting up trap for USR2
2014-07-25 08:48:06.221262 smpp_gateway(46406) [INFO] [daemon-kit]: Setting up trap for HUP
2014-07-25 08:48:06.221426 smpp_gateway(46406) [INFO] [daemon-kit]: Setting up trap for INT
2014-07-25 08:48:06.221553 smpp_gateway(46406) [INFO] [daemon-kit]: Setting up trap for TERM
2014-07-25 08:48:06.249165 smpp_gateway(46406) [INFO] [daemon-kit]: DaemonKit (0.2.3) booted, now running smpp_gateway
2014-07-25 08:48:06.289256 smpp_gateway(46416) [INFO] [daemon-kit]: Running shutdown hooks
2014-07-25 08:48:06.289760 smpp_gateway(46416) [WARN] [daemon-kit]: Shutting down smpp_gateway
2014-07-25 08:48:06.293344 smpp_gateway(46417) [INFO] [daemon-kit]: Starting rufus-scheduler
2014-07-25 08:48:06.368028 smpp_gateway(46406) [DEBUG] [daemon-kit]: AMQP.start({:user=>"guest", :pass=>"guest", :host=>"localhost", :vhost=>"/"})
2014-07-25 08:48:06.395342 smpp_gateway(46418) [INFO] [daemon-kit]: Running shutdown hooks
2014-07-25 08:48:06.395956 smpp_gateway(46418) [WARN] [daemon-kit]: Shutting down smpp_gateway
2014-07-25 08:52:19.395582 smpp_gateway(46406) [INFO] [daemon-kit]: Running signal traps for INT
2014-07-25 08:52:19.395647 smpp_gateway(46417) [INFO] [daemon-kit]: Running signal traps for INT
2014-07-25 08:52:19.395679 smpp_gateway(46418) [INFO] [daemon-kit]: Running signal traps for INT
2014-07-25 08:52:19.395701 smpp_gateway(46416) [INFO] [daemon-kit]: Running signal traps for INT
2014-07-25 08:52:19.396529 smpp_gateway(46406) [INFO] [daemon-kit]: Running shutdown hooks
2014-07-25 08:52:19.396872 smpp_gateway(46406) [WARN] [daemon-kit]: Shutting down smpp_gateway
2014-07-25 08:53:20.870692 smpp_gateway(46860) [INFO] [daemon-kit]: DaemonKit (0.2.3) booting in development mode
2014-07-25 08:53:20.871384 smpp_gateway(46860) [INFO] [daemon-kit]: Setting up trap for USR1
2014-07-25 08:53:20.871545 smpp_gateway(46860) [INFO] [daemon-kit]: Setting up trap for USR2
2014-07-25 08:53:20.871684 smpp_gateway(46860) [INFO] [daemon-kit]: Setting up trap for HUP
2014-07-25 08:53:20.871829 smpp_gateway(46860) [INFO] [daemon-kit]: Setting up trap for INT
2014-07-25 08:53:20.871960 smpp_gateway(46860) [INFO] [daemon-kit]: Setting up trap for TERM
2014-07-25 08:53:20.895763 smpp_gateway(46860) [INFO] [daemon-kit]: DaemonKit (0.2.3) booted, now running smpp_gateway
2014-07-25 08:53:20.955583 smpp_gateway(46873) [INFO] [daemon-kit]: Starting rufus-scheduler
2014-07-25 08:53:20.960227 smpp_gateway(46872) [INFO] [daemon-kit]: Running shutdown hooks
2014-07-25 08:53:20.960503 smpp_gateway(46872) [WARN] [daemon-kit]: Shutting down smpp_gateway
2014-07-25 08:53:20.977049 smpp_gateway(46860) [DEBUG] [daemon-kit]: AMQP.start({:user=>"guest", :pass=>"guest", :host=>"localhost", :vhost=>"/"})
2014-07-25 08:53:20.998337 smpp_gateway(46874) [INFO] [daemon-kit]: Running shutdown hooks
2014-07-25 08:53:20.998619 smpp_gateway(46874) [WARN] [daemon-kit]: Shutting down smpp_gateway
2014-07-25 08:56:30.901081 smpp_gateway(46860) [INFO] [daemon-kit]: Running signal traps for INT
2014-07-25 08:56:30.901019 smpp_gateway(46873) [INFO] [daemon-kit]: Running signal traps for INT
2014-07-25 08:56:30.901039 smpp_gateway(46872) [INFO] [daemon-kit]: Running signal traps for INT
2014-07-25 08:56:30.901114 smpp_gateway(46874) [INFO] [daemon-kit]: Running signal traps for INT
2014-07-25 08:56:30.901918 smpp_gateway(46860) [INFO] [daemon-kit]: Running shutdown hooks
2014-07-25 08:56:30.902240 smpp_gateway(46860) [WARN] [daemon-kit]: Shutting down smpp_gateway
2014-07-25 08:57:40.452491 smpp_gateway(47241) [INFO] [daemon-kit]: DaemonKit (0.2.3) booting in development mode
2014-07-25 08:57:40.453176 smpp_gateway(47241) [INFO] [daemon-kit]: Setting up trap for USR1
2014-07-25 08:57:40.453348 smpp_gateway(47241) [INFO] [daemon-kit]: Setting up trap for USR2
2014-07-25 08:57:40.453479 smpp_gateway(47241) [INFO] [daemon-kit]: Setting up trap for HUP
2014-07-25 08:57:40.453621 smpp_gateway(47241) [INFO] [daemon-kit]: Setting up trap for INT
2014-07-25 08:57:40.453751 smpp_gateway(47241) [INFO] [daemon-kit]: Setting up trap for TERM
2014-07-25 08:57:40.481367 smpp_gateway(47241) [INFO] [daemon-kit]: DaemonKit (0.2.3) booted, now running smpp_gateway
2014-07-25 08:57:40.534221 smpp_gateway(47254) [INFO] [daemon-kit]: Starting rufus-scheduler
2014-07-25 08:57:40.546217 smpp_gateway(47253) [INFO] [daemon-kit]: Running shutdown hooks
2014-07-25 08:57:40.546667 smpp_gateway(47253) [WARN] [daemon-kit]: Shutting down smpp_gateway
2014-07-25 08:57:40.557653 smpp_gateway(47241) [DEBUG] [daemon-kit]: AMQP.start({:user=>"guest", :pass=>"guest", :host=>"localhost", :vhost=>"/"})
2014-07-25 08:57:40.581184 smpp_gateway(47255) [INFO] [daemon-kit]: Running shutdown hooks
2014-07-25 08:57:40.581828 smpp_gateway(47255) [WARN] [daemon-kit]: Shutting down smpp_gateway
2014-07-25 09:04:28.172009 smpp_gateway(47241) [INFO] [daemon-kit]: Running signal traps for INT
2014-07-25 09:04:28.171987 smpp_gateway(47254) [INFO] [daemon-kit]: Running signal traps for INT
2014-07-25 09:04:28.172048 smpp_gateway(47255) [INFO] [daemon-kit]: Running signal traps for INT
2014-07-25 09:04:28.172129 smpp_gateway(47253) [INFO] [daemon-kit]: Running signal traps for INT
2014-07-25 09:04:28.172598 smpp_gateway(47241) [INFO] [daemon-kit]: Running shutdown hooks
2014-07-25 09:04:28.172908 smpp_gateway(47241) [WARN] [daemon-kit]: Shutting down smpp_gateway
2014-07-25 09:09:45.893864 smpp_gateway(48166) [INFO] [daemon-kit]: DaemonKit (0.2.3) booting in development mode
2014-07-25 09:09:45.894620 smpp_gateway(48166) [INFO] [daemon-kit]: Setting up trap for USR1
2014-07-25 09:09:45.894793 smpp_gateway(48166) [INFO] [daemon-kit]: Setting up trap for USR2
2014-07-25 09:09:45.894923 smpp_gateway(48166) [INFO] [daemon-kit]: Setting up trap for HUP
2014-07-25 09:09:45.895067 smpp_gateway(48166) [INFO] [daemon-kit]: Setting up trap for INT
2014-07-25 09:09:45.895197 smpp_gateway(48166) [INFO] [daemon-kit]: Setting up trap for TERM
2014-07-25 09:09:45.918535 smpp_gateway(48166) [INFO] [daemon-kit]: DaemonKit (0.2.3) booted, now running smpp_gateway
2014-07-25 09:09:45.956624 smpp_gateway(48174) [INFO] [daemon-kit]: Starting rufus-scheduler
2014-07-25 09:09:45.978953 smpp_gateway(48173) [INFO] [daemon-kit]: Running shutdown hooks
2014-07-25 09:09:45.979233 smpp_gateway(48173) [WARN] [daemon-kit]: Shutting down smpp_gateway
2014-07-25 09:09:45.989219 smpp_gateway(48166) [DEBUG] [daemon-kit]: AMQP.start({:user=>"guest", :pass=>"guest", :host=>"localhost", :vhost=>"/"})
2014-07-25 09:09:46.31051 smpp_gateway(48175) [INFO] [daemon-kit]: Running shutdown hooks
2014-07-25 09:09:46.31456 smpp_gateway(48175) [WARN] [daemon-kit]: Shutting down smpp_gateway
2014-07-25 09:19:00.240816 smpp_gateway(48166) [INFO] [daemon-kit]: Running signal traps for INT
2014-07-25 09:19:00.240832 smpp_gateway(48174) [INFO] [daemon-kit]: Running signal traps for INT
2014-07-25 09:19:00.240864 smpp_gateway(48173) [INFO] [daemon-kit]: Running signal traps for INT
2014-07-25 09:19:00.240884 smpp_gateway(48175) [INFO] [daemon-kit]: Running signal traps for INT
2014-07-25 09:19:00.241604 smpp_gateway(48166) [INFO] [daemon-kit]: Running shutdown hooks
2014-07-25 09:19:00.241895 smpp_gateway(48166) [WARN] [daemon-kit]: Shutting down smpp_gateway
2014-07-25 09:19:39.705959 smpp_gateway(49345) [INFO] [daemon-kit]: DaemonKit (0.2.3) booting in development mode
2014-07-25 09:19:39.706707 smpp_gateway(49345) [INFO] [daemon-kit]: Setting up trap for USR1
2014-07-25 09:19:39.706875 smpp_gateway(49345) [INFO] [daemon-kit]: Setting up trap for USR2
2014-07-25 09:19:39.707003 smpp_gateway(49345) [INFO] [daemon-kit]: Setting up trap for HUP
2014-07-25 09:19:39.707146 smpp_gateway(49345) [INFO] [daemon-kit]: Setting up trap for INT
2014-07-25 09:19:39.707275 smpp_gateway(49345) [INFO] [daemon-kit]: Setting up trap for TERM
2014-07-25 09:19:39.734705 smpp_gateway(49345) [INFO] [daemon-kit]: DaemonKit (0.2.3) booted, now running smpp_gateway
2014-07-25 09:19:39.761026 smpp_gateway(49353) [INFO] [daemon-kit]: Running shutdown hooks
2014-07-25 09:19:39.761475 smpp_gateway(49353) [WARN] [daemon-kit]: Shutting down smpp_gateway
2014-07-25 09:19:39.821543 smpp_gateway(49345) [DEBUG] [daemon-kit]: AMQP.start({:user=>"guest", :pass=>"guest", :host=>"localhost", :vhost=>"/"})
2014-07-25 09:19:39.823624 smpp_gateway(49354) [INFO] [daemon-kit]: Starting rufus-scheduler
2014-07-25 09:19:39.841027 smpp_gateway(49355) [INFO] [daemon-kit]: Running shutdown hooks
2014-07-25 09:19:39.841576 smpp_gateway(49355) [WARN] [daemon-kit]: Shutting down smpp_gateway
2014-07-25 09:21:01.302272 smpp_gateway(49345) [INFO] [daemon-kit]: Running signal traps for INT
2014-07-25 09:21:01.302257 smpp_gateway(49354) [INFO] [daemon-kit]: Running signal traps for INT
2014-07-25 09:21:01.302293 smpp_gateway(49353) [INFO] [daemon-kit]: Running signal traps for INT
2014-07-25 09:21:01.302284 smpp_gateway(49355) [INFO] [daemon-kit]: Running signal traps for INT
2014-07-25 09:21:01.302818 smpp_gateway(49345) [INFO] [daemon-kit]: Running shutdown hooks
2014-07-25 09:21:01.303011 smpp_gateway(49345) [WARN] [daemon-kit]: Shutting down smpp_gateway
2014-07-25 11:04:50.184615 smpp_gateway(56442) [INFO] [daemon-kit]: DaemonKit (0.2.3) booting in development mode
2014-07-25 11:04:50.185376 smpp_gateway(56442) [INFO] [daemon-kit]: Setting up trap for USR1
2014-07-25 11:04:50.185582 smpp_gateway(56442) [INFO] [daemon-kit]: Setting up trap for USR2
2014-07-25 11:04:50.185723 smpp_gateway(56442) [INFO] [daemon-kit]: Setting up trap for HUP
2014-07-25 11:04:50.185874 smpp_gateway(56442) [INFO] [daemon-kit]: Setting up trap for INT
2014-07-25 11:04:50.185993 smpp_gateway(56442) [INFO] [daemon-kit]: Setting up trap for TERM
2014-07-25 11:04:50.213452 smpp_gateway(56442) [INFO] [daemon-kit]: DaemonKit (0.2.3) booted, now running smpp_gateway
2014-07-25 11:04:50.249333 smpp_gateway(56442) [DEBUG] [daemon-kit]: AMQP.start({:user=>"guest", :pass=>"guest", :host=>"localhost", :vhost=>"/"})
2014-07-25 11:04:50.252301 smpp_gateway(56453) [INFO] [daemon-kit]: Starting rufus-scheduler
2014-07-25 11:04:50.273568 smpp_gateway(56452) [INFO] [daemon-kit]: Running shutdown hooks
2014-07-25 11:04:50.273991 smpp_gateway(56452) [WARN] [daemon-kit]: Shutting down smpp_gateway
2014-07-25 11:04:50.278818 smpp_gateway(56454) [INFO] [daemon-kit]: Running shutdown hooks
2014-07-25 11:04:50.279099 smpp_gateway(56454) [WARN] [daemon-kit]: Shutting down smpp_gateway
2014-07-25 11:05:59.800657 smpp_gateway(56442) [INFO] [daemon-kit]: Running signal traps for INT
2014-07-25 11:05:59.801366 smpp_gateway(56442) [INFO] [daemon-kit]: Running shutdown hooks
2014-07-25 11:05:59.801648 smpp_gateway(56442) [WARN] [daemon-kit]: Shutting down smpp_gateway
