# Logfile created on 2014-01-25 16:16:36 -0300 by logger.rb/36483
2014-01-25 16:16:36.702272 smpp_gateway(39383) [INFO] [daemon-kit]: DaemonKit (0.2.3) booting in production mode
2014-01-25 16:16:36.702416 smpp_gateway(39383) [INFO] [daemon-kit]: Setting up trap for USR1
2014-01-25 16:16:36.702514 smpp_gateway(39383) [INFO] [daemon-kit]: Setting up trap for USR2
2014-01-25 16:16:36.702598 smpp_gateway(39383) [INFO] [daemon-kit]: Setting up trap for HUP
2014-01-25 16:16:36.702686 smpp_gateway(39383) [INFO] [daemon-kit]: Setting up trap for INT
2014-01-25 16:16:36.702769 smpp_gateway(39383) [INFO] [daemon-kit]: Setting up trap for TERM
2014-01-25 16:16:36.818325 smpp_gateway(39383) [INFO] [daemon-kit]: DaemonKit (0.2.3) booted, now running smpp_gateway
2014-01-25 16:16:41.663665 smpp_gateway(39383) [INFO] [daemon-kit]: Running shutdown hooks
2014-01-25 16:16:41.663843 smpp_gateway(39383) [WARN] [daemon-kit]: Shutting down smpp_gateway
2014-02-08 18:29:54.718165 smpp_gateway(69913) [INFO] [daemon-kit]: DaemonKit (0.2.3) booting in production mode
2014-02-08 18:29:54.722083 smpp_gateway(69913) [INFO] [daemon-kit]: Setting up trap for USR1
2014-02-08 18:29:54.722423 smpp_gateway(69913) [INFO] [daemon-kit]: Setting up trap for USR2
2014-02-08 18:29:54.722675 smpp_gateway(69913) [INFO] [daemon-kit]: Setting up trap for HUP
2014-02-08 18:29:54.722932 smpp_gateway(69913) [INFO] [daemon-kit]: Setting up trap for INT
2014-02-08 18:29:54.723172 smpp_gateway(69913) [INFO] [daemon-kit]: Setting up trap for TERM
2014-02-08 18:29:54.745880 smpp_gateway(69913) [INFO] [daemon-kit]: Running shutdown hooks
2014-02-08 18:29:54.746090 smpp_gateway(69913) [WARN] [daemon-kit]: Shutting down smpp_gateway
2014-02-08 18:31:54.540278 smpp_gateway(70062) [INFO] [daemon-kit]: DaemonKit (0.2.3) booting in production mode
2014-02-08 18:31:54.541479 smpp_gateway(70062) [INFO] [daemon-kit]: Setting up trap for USR1
2014-02-08 18:31:54.541771 smpp_gateway(70062) [INFO] [daemon-kit]: Setting up trap for USR2
2014-02-08 18:31:54.542008 smpp_gateway(70062) [INFO] [daemon-kit]: Setting up trap for HUP
2014-02-08 18:31:54.542253 smpp_gateway(70062) [INFO] [daemon-kit]: Setting up trap for INT
2014-02-08 18:31:54.542476 smpp_gateway(70062) [INFO] [daemon-kit]: Setting up trap for TERM
2014-02-08 18:31:54.619023 smpp_gateway(70062) [INFO] [daemon-kit]: DaemonKit (0.2.3) booted, now running smpp_gateway
2014-02-08 18:31:54.657477 smpp_gateway(70068) [INFO] [daemon-kit]: Starting rufus-scheduler
2014-02-08 18:31:54.693707 smpp_gateway(70069) [INFO] [daemon-kit]: Running shutdown hooks
2014-02-08 18:31:54.694254 smpp_gateway(70069) [WARN] [daemon-kit]: Shutting down smpp_gateway
2014-02-08 18:32:02.686783 smpp_gateway(70062) [INFO] [daemon-kit]: Running signal traps for INT
2014-02-08 18:32:02.686554 smpp_gateway(70068) [INFO] [daemon-kit]: Running signal traps for INT
2014-02-08 18:32:02.686596 smpp_gateway(70069) [INFO] [daemon-kit]: Running signal traps for INT
2014-02-08 18:32:02.688501 smpp_gateway(70062) [INFO] [daemon-kit]: Running shutdown hooks
2014-02-08 18:32:02.689210 smpp_gateway(70062) [WARN] [daemon-kit]: Shutting down smpp_gateway
2014-02-08 18:32:45.712574 smpp_gateway(70134) [INFO] [daemon-kit]: DaemonKit (0.2.3) booting in production mode
2014-02-08 18:32:45.713731 smpp_gateway(70134) [INFO] [daemon-kit]: Setting up trap for USR1
2014-02-08 18:32:45.714025 smpp_gateway(70134) [INFO] [daemon-kit]: Setting up trap for USR2
2014-02-08 18:32:45.714264 smpp_gateway(70134) [INFO] [daemon-kit]: Setting up trap for HUP
2014-02-08 18:32:45.714501 smpp_gateway(70134) [INFO] [daemon-kit]: Setting up trap for INT
2014-02-08 18:32:45.714718 smpp_gateway(70134) [INFO] [daemon-kit]: Setting up trap for TERM
2014-02-08 18:32:45.757221 smpp_gateway(70134) [INFO] [daemon-kit]: DaemonKit (0.2.3) booted, now running smpp_gateway
2014-02-08 18:32:45.796169 smpp_gateway(70140) [INFO] [daemon-kit]: Starting rufus-scheduler
2014-02-08 18:33:20.603690 smpp_gateway(70134) [INFO] [daemon-kit]: Running signal traps for INT
2014-02-08 18:33:20.603660 smpp_gateway(70141) [INFO] [daemon-kit]: Running signal traps for INT
2014-02-08 18:33:20.603713 smpp_gateway(70140) [INFO] [daemon-kit]: Running signal traps for INT
2014-02-08 18:33:20.604644 smpp_gateway(70134) [INFO] [daemon-kit]: Running shutdown hooks
2014-02-08 18:33:20.605104 smpp_gateway(70134) [WARN] [daemon-kit]: Shutting down smpp_gateway
2014-02-08 18:33:34.801170 smpp_gateway(70308) [INFO] [daemon-kit]: DaemonKit (0.2.3) booting in production mode
2014-02-08 18:33:34.802422 smpp_gateway(70308) [INFO] [daemon-kit]: Setting up trap for USR1
2014-02-08 18:33:34.802731 smpp_gateway(70308) [INFO] [daemon-kit]: Setting up trap for USR2
2014-02-08 18:33:34.802985 smpp_gateway(70308) [INFO] [daemon-kit]: Setting up trap for HUP
2014-02-08 18:33:34.803235 smpp_gateway(70308) [INFO] [daemon-kit]: Setting up trap for INT
2014-02-08 18:33:34.803464 smpp_gateway(70308) [INFO] [daemon-kit]: Setting up trap for TERM
2014-02-08 18:33:34.846151 smpp_gateway(70308) [INFO] [daemon-kit]: DaemonKit (0.2.3) booted, now running smpp_gateway
2014-02-08 18:33:34.868780 smpp_gateway(70317) [INFO] [daemon-kit]: Starting rufus-scheduler
2014-02-08 18:34:09.571048 smpp_gateway(70308) [INFO] [daemon-kit]: Running signal traps for INT
2014-02-08 18:34:09.570805 smpp_gateway(70318) [INFO] [daemon-kit]: Running signal traps for INT
2014-02-08 18:34:09.572501 smpp_gateway(70308) [INFO] [daemon-kit]: Running shutdown hooks
2014-02-08 18:34:09.573072 smpp_gateway(70308) [WARN] [daemon-kit]: Shutting down smpp_gateway
2014-02-08 18:34:17.371076 smpp_gateway(70366) [INFO] [daemon-kit]: DaemonKit (0.2.3) booting in production mode
2014-02-08 18:34:17.373896 smpp_gateway(70366) [INFO] [daemon-kit]: Setting up trap for USR1
2014-02-08 18:34:17.374232 smpp_gateway(70366) [INFO] [daemon-kit]: Setting up trap for USR2
2014-02-08 18:34:17.374496 smpp_gateway(70366) [INFO] [daemon-kit]: Setting up trap for HUP
2014-02-08 18:34:17.374765 smpp_gateway(70366) [INFO] [daemon-kit]: Setting up trap for INT
2014-02-08 18:34:17.375016 smpp_gateway(70366) [INFO] [daemon-kit]: Setting up trap for TERM
2014-02-08 18:34:17.419163 smpp_gateway(70366) [INFO] [daemon-kit]: DaemonKit (0.2.3) booted, now running smpp_gateway
2014-02-08 18:34:17.462390 smpp_gateway(70372) [INFO] [daemon-kit]: Starting rufus-scheduler
2014-02-08 18:37:02.869318 smpp_gateway(70366) [INFO] [daemon-kit]: Running signal traps for INT
2014-02-08 18:37:02.869222 smpp_gateway(70372) [INFO] [daemon-kit]: Running signal traps for INT
2014-02-08 18:37:02.869384 smpp_gateway(70373) [INFO] [daemon-kit]: Running signal traps for INT
2014-02-08 18:37:02.870714 smpp_gateway(70366) [INFO] [daemon-kit]: Running shutdown hooks
2014-02-08 18:37:02.871308 smpp_gateway(70366) [WARN] [daemon-kit]: Shutting down smpp_gateway
2014-02-08 18:37:12.105863 smpp_gateway(70532) [INFO] [daemon-kit]: DaemonKit (0.2.3) booting in production mode
2014-02-08 18:37:12.107172 smpp_gateway(70532) [INFO] [daemon-kit]: Setting up trap for USR1
2014-02-08 18:37:12.107465 smpp_gateway(70532) [INFO] [daemon-kit]: Setting up trap for USR2
2014-02-08 18:37:12.107701 smpp_gateway(70532) [INFO] [daemon-kit]: Setting up trap for HUP
2014-02-08 18:37:12.107946 smpp_gateway(70532) [INFO] [daemon-kit]: Setting up trap for INT
2014-02-08 18:37:12.108170 smpp_gateway(70532) [INFO] [daemon-kit]: Setting up trap for TERM
2014-02-08 18:37:12.158990 smpp_gateway(70532) [INFO] [daemon-kit]: DaemonKit (0.2.3) booted, now running smpp_gateway
2014-02-08 18:37:12.203722 smpp_gateway(70544) [INFO] [daemon-kit]: Starting rufus-scheduler
2014-02-08 18:47:47.480019 smpp_gateway(70532) [INFO] [daemon-kit]: Running signal traps for INT
2014-02-08 18:47:47.480010 smpp_gateway(70544) [INFO] [daemon-kit]: Running signal traps for INT
2014-02-08 18:47:47.480255 smpp_gateway(70545) [INFO] [daemon-kit]: Running signal traps for INT
2014-02-08 18:47:47.481258 smpp_gateway(70532) [INFO] [daemon-kit]: Running shutdown hooks
2014-02-08 18:47:47.481857 smpp_gateway(70532) [WARN] [daemon-kit]: Shutting down smpp_gateway
2014-02-08 18:48:00.29896 smpp_gateway(71127) [INFO] [daemon-kit]: DaemonKit (0.2.3) booting in production mode
2014-02-08 18:48:00.31195 smpp_gateway(71127) [INFO] [daemon-kit]: Setting up trap for USR1
2014-02-08 18:48:00.31482 smpp_gateway(71127) [INFO] [daemon-kit]: Setting up trap for USR2
2014-02-08 18:48:00.31716 smpp_gateway(71127) [INFO] [daemon-kit]: Setting up trap for HUP
2014-02-08 18:48:00.31960 smpp_gateway(71127) [INFO] [daemon-kit]: Setting up trap for INT
2014-02-08 18:48:00.32183 smpp_gateway(71127) [INFO] [daemon-kit]: Setting up trap for TERM
2014-02-08 18:48:00.77359 smpp_gateway(71127) [INFO] [daemon-kit]: DaemonKit (0.2.3) booted, now running smpp_gateway
2014-02-08 18:48:00.97996 smpp_gateway(71135) [INFO] [daemon-kit]: Starting rufus-scheduler
2014-02-08 18:49:01.870096 smpp_gateway(71127) [INFO] [daemon-kit]: Running signal traps for INT
2014-02-08 18:49:01.870025 smpp_gateway(71135) [INFO] [daemon-kit]: Running signal traps for INT
2014-02-08 18:49:01.870076 smpp_gateway(71136) [INFO] [daemon-kit]: Running signal traps for INT
2014-02-08 18:49:01.871272 smpp_gateway(71127) [INFO] [daemon-kit]: Running shutdown hooks
2014-02-08 18:49:01.871954 smpp_gateway(71127) [WARN] [daemon-kit]: Shutting down smpp_gateway
2014-02-08 18:49:11.783836 smpp_gateway(71213) [INFO] [daemon-kit]: DaemonKit (0.2.3) booting in production mode
2014-02-08 18:49:11.785377 smpp_gateway(71213) [INFO] [daemon-kit]: Setting up trap for USR1
2014-02-08 18:49:11.785952 smpp_gateway(71213) [INFO] [daemon-kit]: Setting up trap for USR2
2014-02-08 18:49:11.786219 smpp_gateway(71213) [INFO] [daemon-kit]: Setting up trap for HUP
2014-02-08 18:49:11.786479 smpp_gateway(71213) [INFO] [daemon-kit]: Setting up trap for INT
2014-02-08 18:49:11.786725 smpp_gateway(71213) [INFO] [daemon-kit]: Setting up trap for TERM
2014-02-08 18:49:11.832823 smpp_gateway(71213) [INFO] [daemon-kit]: DaemonKit (0.2.3) booted, now running smpp_gateway
2014-02-08 18:49:11.862170 smpp_gateway(71219) [INFO] [daemon-kit]: Starting rufus-scheduler
2014-02-08 18:49:53.260615 smpp_gateway(71213) [INFO] [daemon-kit]: Running signal traps for INT
2014-02-08 18:49:53.260592 smpp_gateway(71219) [INFO] [daemon-kit]: Running signal traps for INT
2014-02-08 18:49:53.260581 smpp_gateway(71220) [INFO] [daemon-kit]: Running signal traps for INT
2014-02-08 18:49:53.262133 smpp_gateway(71213) [INFO] [daemon-kit]: Running shutdown hooks
2014-02-08 18:49:53.262621 smpp_gateway(71213) [WARN] [daemon-kit]: Shutting down smpp_gateway
2014-02-08 18:50:01.903928 smpp_gateway(71286) [INFO] [daemon-kit]: DaemonKit (0.2.3) booting in production mode
2014-02-08 18:50:01.905194 smpp_gateway(71286) [INFO] [daemon-kit]: Setting up trap for USR1
2014-02-08 18:50:01.905479 smpp_gateway(71286) [INFO] [daemon-kit]: Setting up trap for USR2
2014-02-08 18:50:01.905710 smpp_gateway(71286) [INFO] [daemon-kit]: Setting up trap for HUP
2014-02-08 18:50:01.905950 smpp_gateway(71286) [INFO] [daemon-kit]: Setting up trap for INT
2014-02-08 18:50:01.906171 smpp_gateway(71286) [INFO] [daemon-kit]: Setting up trap for TERM
2014-02-08 18:50:01.952676 smpp_gateway(71286) [INFO] [daemon-kit]: DaemonKit (0.2.3) booted, now running smpp_gateway
2014-02-08 18:50:01.988182 smpp_gateway(71294) [INFO] [daemon-kit]: Starting rufus-scheduler
2014-02-09 00:07:07.240708 smpp_gateway(71286) [INFO] [daemon-kit]: Running signal traps for INT
2014-02-09 00:07:07.240711 smpp_gateway(71295) [INFO] [daemon-kit]: Running signal traps for INT
2014-02-09 00:07:07.240737 smpp_gateway(71294) [INFO] [daemon-kit]: Running signal traps for INT
2014-02-09 00:07:07.242013 smpp_gateway(71286) [INFO] [daemon-kit]: Running shutdown hooks
2014-02-09 00:07:07.242525 smpp_gateway(71286) [WARN] [daemon-kit]: Shutting down smpp_gateway
